you-get: You will need login cookies for 720p formats or above. (use --cookies to load cookies.txt.)
site:                Bilibili
title:               鍥涘勾绾т笅鍐屻€婄湅鐪嬫垜浠殑鍦扮悆銆嬪璇昏-鐜嬬钀?
stream:
    - format:        dash-flv480-AVC
      container:     mp4
      quality:       娓呮櫚 480P avc1.64001F
      size:          107.0 MiB (112170984 bytes)
    # download-with: you-get --format=dash-flv480-AVC [URL]

Downloading 鍥涘勾绾т笅鍐屻€婄湅鐪嬫垜浠殑鍦扮悆銆嬪璇昏-鐜嬬钀?mp4 ...

 0.0% (  0.0/107.0MB) 鈹溾攢鈹€鈹€鈹€鈹€鈹€鈹€鈹€鈹€鈹€鈹€鈹€鈹€鈹€鈹€鈹€鈹€鈹€鈹€鈹€鈹€鈹€鈹€鈹€鈹€鈹€鈹€鈹€鈹€鈹€鈹€鈹€鈹€鈹€鈹€鈹€鈹€鈹€鈹€鈹€鈹1/2] 
 0.2% (  0.2/107.0MB) 鈹溾攢鈹€鈹€鈹€鈹€鈹€鈹€鈹€鈹€鈹€鈹€鈹€鈹€鈹€鈹€鈹€鈹€鈹€鈹€鈹€鈹€鈹€鈹€鈹€鈹€鈹€鈹€鈹€鈹€鈹€鈹€鈹€鈹€鈹€鈹€鈹€鈹€鈹€鈹€鈹€鈹1/2]  724 kB/s
 0.5% (  0.5/107.0MB) 鈹溾攢鈹€鈹€鈹€鈹€鈹€鈹€鈹€鈹€鈹€鈹€鈹€鈹€鈹€鈹€鈹€鈹€鈹€鈹€鈹€鈹€鈹€鈹€鈹€鈹€鈹€鈹€鈹€鈹€鈹€鈹€鈹€鈹€鈹€鈹€鈹€鈹€鈹€鈹€鈹€鈹1/2]    7 MB/s
 0.7% (  0.8/107.0MB) 鈹溾攢鈹€鈹€鈹€鈹€鈹€鈹€鈹€鈹€鈹€鈹€鈹€鈹€鈹€鈹€鈹€鈹€鈹€鈹€鈹€鈹€鈹€鈹€鈹€鈹€鈹€鈹€鈹€鈹€鈹€鈹€鈹€鈹€鈹€鈹€鈹€鈹€鈹€鈹€鈹€鈹1/2]   11 MB/s
 0.9% (  1.0/107.0MB) 鈹溾攢鈹€鈹€鈹€鈹€鈹€鈹€鈹€鈹€鈹€鈹€鈹€鈹€鈹€鈹€鈹€鈹€鈹€鈹€鈹€鈹€鈹€鈹€鈹€鈹€鈹€鈹€鈹€鈹€鈹€鈹€鈹€鈹€鈹€鈹€鈹€鈹€鈹€鈹€鈹€鈹1/2]   12 MB/s
 1.2% (  1.2/107.0MB) 鈹溾枅鈹€鈹€鈹€鈹€鈹€鈹€鈹€鈹€鈹€鈹€鈹€鈹€鈹€鈹€鈹€鈹€鈹€鈹€鈹€鈹€鈹€鈹€鈹€鈹€鈹€鈹€鈹€鈹€鈹€鈹€鈹€鈹€鈹€鈹€鈹€鈹€鈹€鈹€鈹€鈹1/2]   11 MB/s
 1.4% (  1.5/107.0MB) 鈹溾枅鈹€鈹€鈹€鈹€鈹€鈹€鈹€鈹€鈹€鈹€鈹€鈹€鈹€鈹€鈹€鈹€鈹€鈹€鈹€鈹€鈹€鈹€鈹€鈹€鈹€鈹€鈹€鈹€鈹€鈹€鈹€鈹€鈹€鈹€鈹€鈹€鈹€鈹€鈹€鈹1/2]   11 MB/s
 1.6% (  1.8/107.0MB) 鈹溾枅鈹€鈹€鈹€鈹€鈹€鈹€鈹€鈹€鈹€鈹€鈹€鈹€鈹€鈹€鈹€鈹€鈹€鈹€鈹€鈹€鈹€鈹€鈹€鈹€鈹€鈹€鈹€鈹€鈹€鈹€鈹€鈹€鈹€鈹€鈹€鈹€鈹€鈹€鈹€鈹1/2]   12 MB/s
 1.9% (  2.0/107.0MB) 鈹溾枅鈹€鈹€鈹€鈹€鈹€鈹€鈹€鈹€鈹€鈹€鈹€鈹€鈹€鈹€鈹€鈹€鈹€鈹€鈹€鈹€鈹€鈹€鈹€鈹€鈹€鈹€鈹€鈹€鈹€鈹€鈹€鈹€鈹€鈹€鈹€鈹€鈹€鈹€鈹€鈹1/2]   11 MB/s
 2.1% (  2.2/107.0MB) 鈹溾枅鈹€鈹€鈹€鈹€鈹€鈹€鈹€鈹€鈹€鈹€鈹€鈹€鈹€鈹€鈹€鈹€鈹€鈹€鈹€鈹€鈹€鈹€鈹€鈹€鈹€鈹€鈹€鈹€鈹€鈹€鈹€鈹€鈹€鈹€鈹€鈹€鈹€鈹€鈹€鈹1/2]   11 MB/s
 2.3% (  2.5/107.0MB) 鈹溾枅鈹€鈹€鈹€鈹€鈹€鈹€鈹€鈹€鈹€鈹€鈹€鈹€鈹€鈹€鈹€鈹€鈹€鈹€鈹€鈹€鈹€鈹€鈹€鈹€鈹€鈹€鈹€鈹€鈹€鈹€鈹€鈹€鈹€鈹€鈹€鈹€鈹€鈹€鈹€鈹1/2]   11 MB/s
 2.6% (  2.8/107.0MB) 鈹溾枅鈹€鈹€鈹€鈹€鈹€鈹€鈹€鈹€鈹€鈹€鈹€鈹€鈹€鈹€鈹€鈹€鈹€鈹€鈹€鈹€鈹€鈹€鈹€鈹€鈹€鈹€鈹€鈹€鈹€鈹€鈹€鈹€鈹€鈹€鈹€鈹€鈹€鈹€鈹€鈹1/2]   11 MB/s
 2.8% (  3.0/107.0MB) 鈹溾枅鈹€鈹€鈹€鈹€鈹€鈹€鈹€鈹€鈹€鈹€鈹€鈹€鈹€鈹€鈹€鈹€鈹€鈹€鈹€鈹€鈹€鈹€鈹€鈹€鈹€鈹€鈹€鈹€鈹€鈹€鈹€鈹€鈹€鈹€鈹€鈹€鈹€鈹€鈹€鈹1/2]   11 MB/s
 3.0% (  3.2/107.0MB) 鈹溾枅鈻堚攢鈹€鈹€鈹€鈹€鈹€鈹€鈹€鈹€鈹€鈹€鈹€鈹€鈹€鈹€鈹€鈹€鈹€鈹€鈹€鈹€鈹€鈹€鈹€鈹€鈹€鈹€鈹€鈹€鈹€鈹€鈹€鈹€鈹€鈹€鈹€鈹€鈹€鈹1/2]   11 MB/s
 3.3% (  3.5/107.0MB) 鈹溾枅鈻堚攢鈹€鈹€鈹€鈹€鈹€鈹€鈹€鈹€鈹€鈹€鈹€鈹€鈹€鈹€鈹€鈹€鈹€鈹€鈹€鈹€鈹€鈹€鈹€鈹€鈹€鈹€鈹€鈹€鈹€鈹€鈹€鈹€鈹€鈹€鈹€鈹€鈹€鈹1/2]   11 MB/s
 3.5% (  3.8/107.0MB) 鈹溾枅鈻堚攢鈹€鈹€鈹€鈹€鈹€鈹€鈹€鈹€鈹€鈹€鈹€鈹€鈹€鈹€鈹€鈹€鈹€鈹€鈹€鈹€鈹€鈹€鈹€鈹€鈹€鈹€鈹€鈹€鈹€鈹€鈹€鈹€鈹€鈹€鈹€鈹€鈹€鈹1/2]   11 MB/s
 3.7% (  4.0/107.0MB) 鈹溾枅鈻堚攢鈹€鈹€鈹€鈹€鈹€鈹€鈹€鈹€鈹€鈹€鈹€鈹€鈹€鈹€鈹€鈹€鈹€鈹€鈹€鈹€鈹€鈹€鈹€鈹€鈹€鈹€鈹€鈹€鈹€鈹€鈹€鈹€鈹€鈹€鈹€鈹€鈹€鈹1/2]   11 MB/s
 4.0% (  4.2/107.0MB) 鈹溾枅鈻堚攢鈹€鈹€鈹€鈹€鈹€鈹€鈹€鈹€鈹€鈹€鈹€鈹€鈹€鈹€鈹€鈹€鈹€鈹€鈹€鈹€鈹€鈹€鈹€鈹€鈹€鈹€鈹€鈹€鈹€鈹€鈹€鈹€鈹€鈹€鈹€鈹€鈹€鈹1/2]   11 MB/s
 4.2% (  4.5/107.0MB) 鈹溾枅鈻堚攢鈹€鈹€鈹€鈹€鈹€鈹€鈹€鈹€鈹€鈹€鈹€鈹€鈹€鈹€鈹€鈹€鈹€鈹€鈹€鈹€鈹€鈹€鈹€鈹€鈹€鈹€鈹€鈹€鈹€鈹€鈹€鈹€鈹€鈹€鈹€鈹€鈹€鈹1/2]   11 MB/s
 4.4% (  4.8/107.0MB) 鈹溾枅鈻堚攢鈹€鈹€鈹€鈹€鈹€鈹€鈹€鈹€鈹€鈹€鈹€鈹€鈹€鈹€鈹€鈹€鈹€鈹€鈹€鈹€鈹€鈹€鈹€鈹€鈹€鈹€鈹€鈹€鈹€鈹€鈹€鈹€鈹€鈹€鈹€鈹€鈹€鈹1/2]   11 MB/s
 4.7% (  5.0/107.0MB) 鈹溾枅鈻堚攢鈹€鈹€鈹€鈹€鈹€鈹€鈹€鈹€鈹€鈹€鈹€鈹€鈹€鈹€鈹€鈹€鈹€鈹€鈹€鈹€鈹€鈹€鈹€鈹€鈹€鈹€鈹€鈹€鈹€鈹€鈹€鈹€鈹€鈹€鈹€鈹€鈹€鈹1/2]   11 MB/s
 4.9% (  5.2/107.0MB) 鈹溾枅鈻堚攢鈹€鈹€鈹€鈹€鈹€鈹€鈹€鈹€鈹€鈹€鈹€鈹€鈹€鈹€鈹€鈹€鈹€鈹€鈹€鈹€鈹€鈹€鈹€鈹€鈹€鈹€鈹€鈹€鈹€鈹€鈹€鈹€鈹€鈹€鈹€鈹€鈹€鈹1/2]   11 MB/s
 5.1% (  5.5/107.0MB) 鈹溾枅鈻堚枅鈹€鈹€鈹€鈹€鈹€鈹€鈹€鈹€鈹€鈹€鈹€鈹€鈹€鈹€鈹€鈹€鈹€鈹€鈹€鈹€鈹€鈹€鈹€鈹€鈹€鈹€鈹€鈹€鈹€鈹€鈹€鈹€鈹€鈹€鈹€鈹€鈹€鈹1/2]   11 MB/s
 5.4% (  5.8/107.0MB) 鈹溾枅鈻堚枅鈹€鈹€鈹€鈹€鈹€鈹€鈹€鈹€鈹€鈹€鈹€鈹€鈹€鈹€鈹€鈹€鈹€鈹€鈹€鈹€鈹€鈹€鈹€鈹€鈹€鈹€鈹€鈹€鈹€鈹€鈹€鈹€鈹€鈹€鈹€鈹€鈹€鈹1/2]   11 MB/s
 5.6% (  6.0/107.0MB) 鈹溾枅鈻堚枅鈹€鈹€鈹€鈹€鈹€鈹€鈹€鈹€鈹€鈹€鈹€鈹€鈹€鈹€鈹€鈹€鈹€鈹€鈹€鈹€鈹€鈹€鈹€鈹€鈹€鈹€鈹€鈹€鈹€鈹€鈹€鈹€鈹€鈹€鈹€鈹€鈹€鈹1/2]   11 MB/s
 5.8% (  6.2/107.0MB) 鈹溾枅鈻堚枅鈹€鈹€鈹€鈹€鈹€鈹€鈹€鈹€鈹€鈹€鈹€鈹€鈹€鈹€鈹€鈹€鈹€鈹€鈹€鈹€鈹€鈹€鈹€鈹€鈹€鈹€鈹€鈹€鈹€鈹€鈹€鈹€鈹€鈹€鈹€鈹€鈹€鈹1/2]   11 MB/s
 6.1% (  6.5/107.0MB) 鈹溾枅鈻堚枅鈹€鈹€鈹€鈹€鈹€鈹€鈹€鈹€鈹€鈹€鈹€鈹€鈹€鈹€鈹€鈹€鈹€鈹€鈹€鈹€鈹€鈹€鈹€鈹€鈹€鈹€鈹€鈹€鈹€鈹€鈹€鈹€鈹€鈹€鈹€鈹€鈹€鈹1/2]   11 MB/s
 6.3% (  6.8/107.0MB) 鈹溾枅鈻堚枅鈹€鈹€鈹€鈹€鈹€鈹€鈹€鈹€鈹€鈹€鈹€鈹€鈹€鈹€鈹€鈹€鈹€鈹€鈹€鈹€鈹€鈹€鈹€鈹€鈹€鈹€鈹€鈹€鈹€鈹€鈹€鈹€鈹€鈹€鈹€鈹€鈹€鈹1/2]   11 MB/s
 6.5% (  7.0/107.0MB) 鈹溾枅鈻堚枅鈹€鈹€鈹€鈹€鈹€鈹€鈹€鈹€鈹€鈹€鈹€鈹€鈹€鈹€鈹€鈹€鈹€鈹€鈹€鈹€鈹€鈹€鈹€鈹€鈹€鈹€鈹€鈹€鈹€鈹€鈹€鈹€鈹€鈹€鈹€鈹€鈹€鈹1/2]   11 MB/s
 6.8% (  7.2/107.0MB) 鈹溾枅鈻堚枅鈹€鈹€鈹€鈹€鈹€鈹€鈹€鈹€鈹€鈹€鈹€鈹€鈹€鈹€鈹€鈹€鈹€鈹€鈹€鈹€鈹€鈹€鈹€鈹€鈹€鈹€鈹€鈹€鈹€鈹€鈹€鈹€鈹€鈹€鈹€鈹€鈹€鈹1/2]   11 MB/s
 7.0% (  7.5/107.0MB) 鈹溾枅鈻堚枅鈹€鈹€鈹€鈹€鈹€鈹€鈹€鈹€鈹€鈹€鈹€鈹€鈹€鈹€鈹€鈹€鈹€鈹€鈹€鈹€鈹€鈹€鈹€鈹€鈹€鈹€鈹€鈹€鈹€鈹€鈹€鈹€鈹€鈹€鈹€鈹€鈹€鈹1/2]   11 MB/s
 7.2% (  7.8/107.0MB) 鈹溾枅鈻堚枅鈹€鈹€鈹€鈹€鈹€鈹€鈹€鈹€鈹€鈹€鈹€鈹€鈹€鈹€鈹€鈹€鈹€鈹€鈹€鈹€鈹€鈹€鈹€鈹€鈹€鈹€鈹€鈹€鈹€鈹€鈹€鈹€鈹€鈹€鈹€鈹€鈹€鈹1/2]   11 MB/s
 7.5% (  8.0/107.0MB) 鈹溾枅鈻堚枅鈹€鈹€鈹€鈹€鈹€鈹€鈹€鈹€鈹€鈹€鈹€鈹€鈹€鈹€鈹€鈹€鈹€鈹€鈹€鈹€鈹€鈹€鈹€鈹€鈹€鈹€鈹€鈹€鈹€鈹€鈹€鈹€鈹€鈹€鈹€鈹€鈹€鈹1/2]   11 MB/s
 7.7% (  8.2/107.0MB) 鈹溾枅鈻堚枅鈹€鈹€鈹€鈹€鈹€鈹€鈹€鈹€鈹€鈹€鈹€鈹€鈹€鈹€鈹€鈹€鈹€鈹€鈹€鈹€鈹€鈹€鈹€鈹€鈹€鈹€鈹€鈹€鈹€鈹€鈹€鈹€鈹€鈹€鈹€鈹€鈹€鈹1/2]   11 MB/s
 7.9% (  8.5/107.0MB) 鈹溾枅鈻堚枅鈹€鈹€鈹€鈹€鈹€鈹€鈹€鈹€鈹€鈹€鈹€鈹€鈹€鈹€鈹€鈹€鈹€鈹€鈹€鈹€鈹€鈹€鈹€鈹€鈹€鈹€鈹€鈹€鈹€鈹€鈹€鈹€鈹€鈹€鈹€鈹€鈹€鈹1/2]   11 MB/s
 8.2% (  8.8/107.0MB) 鈹溾枅鈻堚枅鈻堚攢鈹€鈹€鈹€鈹€鈹€鈹€鈹€鈹€鈹€鈹€鈹€鈹€鈹€鈹€鈹€鈹€鈹€鈹€鈹€鈹€鈹€鈹€鈹€鈹€鈹€鈹€鈹€鈹€鈹€鈹€鈹€鈹€鈹€鈹€鈹€鈹1/2]   11 MB/s
 8.4% (  9.0/107.0MB) 鈹溾枅鈻堚枅鈻堚攢鈹€鈹€鈹€鈹€鈹€鈹€鈹€鈹€鈹€鈹€鈹€鈹€鈹€鈹€鈹€鈹€鈹€鈹€鈹€鈹€鈹€鈹€鈹€鈹€鈹€鈹€鈹€鈹€鈹€鈹€鈹€鈹€鈹€鈹€鈹€鈹1/2]   11 MB/s
 8.6% (  9.2/107.0MB) 鈹溾枅鈻堚枅鈻堚攢鈹€鈹€鈹€鈹€鈹€鈹€鈹€鈹€鈹€鈹€鈹€鈹€鈹€鈹€鈹€鈹€鈹€鈹€鈹€鈹€鈹€鈹€鈹€鈹€鈹€鈹€鈹€鈹€鈹€鈹€鈹€鈹€鈹€鈹€鈹€鈹1/2]   11 MB/s
 8.9% (  9.5/107.0MB) 鈹溾枅鈻堚枅鈻堚攢鈹€鈹€鈹€鈹€鈹€鈹€鈹€鈹€鈹€鈹€鈹€鈹€鈹€鈹€鈹€鈹€鈹€鈹€鈹€鈹€鈹€鈹€鈹€鈹€鈹€鈹€鈹€鈹€鈹€鈹€鈹€鈹€鈹€鈹€鈹€鈹1/2]   11 MB/s
 9.1% (  9.8/107.0MB) 鈹溾枅鈻堚枅鈻堚攢鈹€鈹€鈹€鈹€鈹€鈹€鈹€鈹€鈹€鈹€鈹€鈹€鈹€鈹€鈹€鈹€鈹€鈹€鈹€鈹€鈹€鈹€鈹€鈹€鈹€鈹€鈹€鈹€鈹€鈹€鈹€鈹€鈹€鈹€鈹€鈹1/2]   11 MB/s
 9.3% ( 10.0/107.0MB) 鈹溾枅鈻堚枅鈻堚攢鈹€鈹€鈹€鈹€鈹€鈹€鈹€鈹€鈹€鈹€鈹€鈹€鈹€鈹€鈹€鈹€鈹€鈹€鈹€鈹€鈹€鈹€鈹€鈹€鈹€鈹€鈹€鈹€鈹€鈹€鈹€鈹€鈹€鈹€鈹€鈹1/2]   11 MB/s
 9.6% ( 10.2/107.0MB) 鈹溾枅鈻堚枅鈻堚攢鈹€鈹€鈹€鈹€鈹€鈹€鈹€鈹€鈹€鈹€鈹€鈹€鈹€鈹€鈹€鈹€鈹€鈹€鈹€鈹€鈹€鈹€鈹€鈹€鈹€鈹€鈹€鈹€鈹€鈹€鈹€鈹€鈹€鈹€鈹€鈹1/2]   11 MB/s
 9.8% ( 10.5/107.0MB) 鈹溾枅鈻堚枅鈻堚攢鈹€鈹€鈹€鈹€鈹€鈹€鈹€鈹€鈹€鈹€鈹€鈹€鈹€鈹€鈹€鈹€鈹€鈹€鈹€鈹€鈹€鈹€鈹€鈹€鈹€鈹€鈹€鈹€鈹€鈹€鈹€鈹€鈹€鈹€鈹€鈹1/2]   11 MB/s
10.0% ( 10.8/107.0MB) 鈹溾枅鈻堚枅鈻堚枅鈹€鈹€鈹€鈹€鈹€鈹€鈹€鈹€鈹€鈹€鈹€鈹€鈹€鈹€鈹€鈹€鈹€鈹€鈹€鈹€鈹€鈹€鈹€鈹€鈹€鈹€鈹€鈹€鈹€鈹€鈹€鈹€鈹€鈹€鈹€鈹1/2]   11 MB/s
10.3% ( 11.0/107.0MB) 鈹溾枅鈻堚枅鈻堚枅鈹€鈹€鈹€鈹€鈹€鈹€鈹€鈹€鈹€鈹€鈹€鈹€鈹€鈹€鈹€鈹€鈹€鈹€鈹€鈹€鈹€鈹€鈹€鈹€鈹€鈹€鈹€鈹€鈹€鈹€鈹€鈹€鈹€鈹€鈹€鈹1/2]   11 MB/s
10.5% ( 11.2/107.0MB) 鈹溾枅鈻堚枅鈻堚枅鈹€鈹€鈹€鈹€鈹€鈹€鈹€鈹€鈹€鈹€鈹€鈹€鈹€鈹€鈹€鈹€鈹€鈹€鈹€鈹€鈹€鈹€鈹€鈹€鈹€鈹€鈹€鈹€鈹€鈹€鈹€鈹€鈹€鈹€鈹€鈹1/2]   11 MB/s
10.8% ( 11.5/107.0MB) 鈹溾枅鈻堚枅鈻堚枅鈹€鈹€鈹€鈹€鈹€鈹€鈹€鈹€鈹€鈹€鈹€鈹€鈹€鈹€鈹€鈹€鈹€鈹€鈹€鈹€鈹€鈹€鈹€鈹€鈹€鈹€鈹€鈹€鈹€鈹€鈹€鈹€鈹€鈹€鈹€鈹1/2]   11 MB/s
11.0% ( 11.8/107.0MB) 鈹溾枅鈻堚枅鈻堚枅鈹€鈹€鈹€鈹€鈹€鈹€鈹€鈹€鈹€鈹€鈹€鈹€鈹€鈹€鈹€鈹€鈹€鈹€鈹€鈹€鈹€鈹€鈹€鈹€鈹€鈹€鈹€鈹€鈹€鈹€鈹€鈹€鈹€鈹€鈹€鈹1/2]   11 MB/s
11.2% ( 12.0/107.0MB) 鈹溾枅鈻堚枅鈻堚枅鈹€鈹€鈹€鈹€鈹€鈹€鈹€鈹€鈹€鈹€鈹€鈹€鈹€鈹€鈹€鈹€鈹€鈹€鈹€鈹€鈹€鈹€鈹€鈹€鈹€鈹€鈹€鈹€鈹€鈹€鈹€鈹€鈹€鈹€鈹€鈹1/2]   11 MB/s
11.5% ( 12.2/107.0MB) 鈹溾枅鈻堚枅鈻堚枅鈹€鈹€鈹€鈹€鈹€鈹€鈹€鈹€鈹€鈹€鈹€鈹€鈹€鈹€鈹€鈹€鈹€鈹€鈹€鈹€鈹€鈹€鈹€鈹€鈹€鈹€鈹€鈹€鈹€鈹€鈹€鈹€鈹€鈹€鈹€鈹1/2]   11 MB/s
11.7% ( 12.5/107.0MB) 鈹溾枅鈻堚枅鈻堚枅鈹€鈹€鈹€鈹€鈹€鈹€鈹€鈹€鈹€鈹€鈹€鈹€鈹€鈹€鈹€鈹€鈹€鈹€鈹€鈹€鈹€鈹€鈹€鈹€鈹€鈹€鈹€鈹€鈹€鈹€鈹€鈹€鈹€鈹€鈹€鈹1/2]   11 MB/s
11.9% ( 12.8/107.0MB) 鈹溾枅鈻堚枅鈻堚枅鈹€鈹€鈹€鈹€鈹€鈹€鈹€鈹€鈹€鈹€鈹€鈹€鈹€鈹€鈹€鈹€鈹€鈹€鈹€鈹€鈹€鈹€鈹€鈹€鈹€鈹€鈹€鈹€鈹€鈹€鈹€鈹€鈹€鈹€鈹€鈹1/2]   11 MB/s
12.2% ( 13.0/107.0MB) 鈹溾枅鈻堚枅鈻堚枅鈹€鈹€鈹€鈹€鈹€鈹€鈹€鈹€鈹€鈹€鈹€鈹€鈹€鈹€鈹€鈹€鈹€鈹€鈹€鈹€鈹€鈹€鈹€鈹€鈹€鈹€鈹€鈹€鈹€鈹€鈹€鈹€鈹€鈹€鈹€鈹1/2]   11 MB/s
12.4% ( 13.2/107.0MB) 鈹溾枅鈻堚枅鈻堚枅鈹€鈹€鈹€鈹€鈹€鈹€鈹€鈹€鈹€鈹€鈹€鈹€鈹€鈹€鈹€鈹€鈹€鈹€鈹€鈹€鈹€鈹€鈹€鈹€鈹€鈹€鈹€鈹€鈹€鈹€鈹€鈹€鈹€鈹€鈹€鈹1/2]   11 MB/s
12.6% ( 13.5/107.0MB) 鈹溾枅鈻堚枅鈻堚枅鈹€鈹€鈹€鈹€鈹€鈹€鈹€鈹€鈹€鈹€鈹€鈹€鈹€鈹€鈹€鈹€鈹€鈹€鈹€鈹€鈹€鈹€鈹€鈹€鈹€鈹€鈹€鈹€鈹€鈹€鈹€鈹€鈹€鈹€鈹€鈹1/2]   11 MB/s
12.9% ( 13.8/107.0MB) 鈹溾枅鈻堚枅鈻堚枅鈹€鈹€鈹€鈹€鈹€鈹€鈹€鈹€鈹€鈹€鈹€鈹€鈹€鈹€鈹€鈹€鈹€鈹€鈹€鈹€鈹€鈹€鈹€鈹€鈹€鈹€鈹€鈹€鈹€鈹€鈹€鈹€鈹€鈹€鈹€鈹1/2]   11 MB/s
13.1% ( 14.0/107.0MB) 鈹溾枅鈻堚枅鈻堚枅鈻堚攢鈹€鈹€鈹€鈹€鈹€鈹€鈹€鈹€鈹€鈹€鈹€鈹€鈹€鈹€鈹€鈹€鈹€鈹€鈹€鈹€鈹€鈹€鈹€鈹€鈹€鈹€鈹€鈹€鈹€鈹€鈹€鈹€鈹€鈹1/2]   11 MB/s
13.3% ( 14.2/107.0MB) 鈹溾枅鈻堚枅鈻堚枅鈻堚攢鈹€鈹€鈹€鈹€鈹€鈹€鈹€鈹€鈹€鈹€鈹€鈹€鈹€鈹€鈹€鈹€鈹€鈹€鈹€鈹€鈹€鈹€鈹€鈹€鈹€鈹€鈹€鈹€鈹€鈹€鈹€鈹€鈹€鈹1/2]   11 MB/s
13.6% ( 14.5/107.0MB) 鈹溾枅鈻堚枅鈻堚枅鈻堚攢鈹€鈹€鈹€鈹€鈹€鈹€鈹€鈹€鈹€鈹€鈹€鈹€鈹€鈹€鈹€鈹€鈹€鈹€鈹€鈹€鈹€鈹€鈹€鈹€鈹€鈹€鈹€鈹€鈹€鈹€鈹€鈹€鈹€鈹1/2]   11 MB/s
13.8% ( 14.8/107.0MB) 鈹溾枅鈻堚枅鈻堚枅鈻堚攢鈹€鈹€鈹€鈹€鈹€鈹€鈹€鈹€鈹€鈹€鈹€鈹€鈹€鈹€鈹€鈹€鈹€鈹€鈹€鈹€鈹€鈹€鈹€鈹€鈹€鈹€鈹€鈹€鈹€鈹€鈹€鈹€鈹€鈹1/2]   11 MB/s
14.0% ( 15.0/107.0MB) 鈹溾枅鈻堚枅鈻堚枅鈻堚攢鈹€鈹€鈹€鈹€鈹€鈹€鈹€鈹€鈹€鈹€鈹€鈹€鈹€鈹€鈹€鈹€鈹€鈹€鈹€鈹€鈹€鈹€鈹€鈹€鈹€鈹€鈹€鈹€鈹€鈹€鈹€鈹€鈹€鈹1/2]   11 MB/s
14.3% ( 15.2/107.0MB) 鈹溾枅鈻堚枅鈻堚枅鈻堚攢鈹€鈹€鈹€鈹€鈹€鈹€鈹€鈹€鈹€鈹€鈹€鈹€鈹€鈹€鈹€鈹€鈹€鈹€鈹€鈹€鈹€鈹€鈹€鈹€鈹€鈹€鈹€鈹€鈹€鈹€鈹€鈹€鈹€鈹1/2]   11 MB/s
14.5% ( 15.5/107.0MB) 鈹溾枅鈻堚枅鈻堚枅鈻堚攢鈹€鈹€鈹€鈹€鈹€鈹€鈹€鈹€鈹€鈹€鈹€鈹€鈹€鈹€鈹€鈹€鈹€鈹€鈹€鈹€鈹€鈹€鈹€鈹€鈹€鈹€鈹€鈹€鈹€鈹€鈹€鈹€鈹€鈹1/2]   11 MB/s
14.7% ( 15.8/107.0MB) 鈹溾枅鈻堚枅鈻堚枅鈻堚攢鈹€鈹€鈹€鈹€鈹€鈹€鈹€鈹€鈹€鈹€鈹€鈹€鈹€鈹€鈹€鈹€鈹€鈹€鈹€鈹€鈹€鈹€鈹€鈹€鈹€鈹€鈹€鈹€鈹€鈹€鈹€鈹€鈹€鈹1/2]   11 MB/s
15.0% ( 16.0/107.0MB) 鈹溾枅鈻堚枅鈻堚枅鈻堚枅鈹€鈹€鈹€鈹€鈹€鈹€鈹€鈹€鈹€鈹€鈹€鈹€鈹€鈹€鈹€鈹€鈹€鈹€鈹€鈹€鈹€鈹€鈹€鈹€鈹€鈹€鈹€鈹€鈹€鈹€鈹€鈹€鈹€鈹1/2]   11 MB/s
15.2% ( 16.2/107.0MB) 鈹溾枅鈻堚枅鈻堚枅鈻堚枅鈹€鈹€鈹€鈹€鈹€鈹€鈹€鈹€鈹€鈹€鈹€鈹€鈹€鈹€鈹€鈹€鈹€鈹€鈹€鈹€鈹€鈹€鈹€鈹€鈹€鈹€鈹€鈹€鈹€鈹€鈹€鈹€鈹€鈹1/2]   11 MB/s
15.4% ( 16.5/107.0MB) 鈹溾枅鈻堚枅鈻堚枅鈻堚枅鈹€鈹€鈹€鈹€鈹€鈹€鈹€鈹€鈹€鈹€鈹€鈹€鈹€鈹€鈹€鈹€鈹€鈹€鈹€鈹€鈹€鈹€鈹€鈹€鈹€鈹€鈹€鈹€鈹€鈹€鈹€鈹€鈹€鈹1/2]   11 MB/s
15.7% ( 16.8/107.0MB) 鈹溾枅鈻堚枅鈻堚枅鈻堚枅鈹€鈹€鈹€鈹€鈹€鈹€鈹€鈹€鈹€鈹€鈹€鈹€鈹€鈹€鈹€鈹€鈹€鈹€鈹€鈹€鈹€鈹€鈹€鈹€鈹€鈹€鈹€鈹€鈹€鈹€鈹€鈹€鈹€鈹1/2]   11 MB/s
15.9% ( 17.0/107.0MB) 鈹溾枅鈻堚枅鈻堚枅鈻堚枅鈹€鈹€鈹€鈹€鈹€鈹€鈹€鈹€鈹€鈹€鈹€鈹€鈹€鈹€鈹€鈹€鈹€鈹€鈹€鈹€鈹€鈹€鈹€鈹€鈹€鈹€鈹€鈹€鈹€鈹€鈹€鈹€鈹€鈹1/2]   11 MB/s
16.1% ( 17.2/107.0MB) 鈹溾枅鈻堚枅鈻堚枅鈻堚枅鈹€鈹€鈹€鈹€鈹€鈹€鈹€鈹€鈹€鈹€鈹€鈹€鈹€鈹€鈹€鈹€鈹€鈹€鈹€鈹€鈹€鈹€鈹€鈹€鈹€鈹€鈹€鈹€鈹€鈹€鈹€鈹€鈹€鈹1/2]   11 MB/s
16.4% ( 17.5/107.0MB) 鈹溾枅鈻堚枅鈻堚枅鈻堚枅鈹€鈹€鈹€鈹€鈹€鈹€鈹€鈹€鈹€鈹€鈹€鈹€鈹€鈹€鈹€鈹€鈹€鈹€鈹€鈹€鈹€鈹€鈹€鈹€鈹€鈹€鈹€鈹€鈹€鈹€鈹€鈹€鈹€鈹1/2]   11 MB/s
16.6% ( 17.8/107.0MB) 鈹溾枅鈻堚枅鈻堚枅鈻堚枅鈹€鈹€鈹€鈹€鈹€鈹€鈹€鈹€鈹€鈹€鈹€鈹€鈹€鈹€鈹€鈹€鈹€鈹€鈹€鈹€鈹€鈹€鈹€鈹€鈹€鈹€鈹€鈹€鈹€鈹€鈹€鈹€鈹€鈹1/2]   11 MB/s
16.8% ( 18.0/107.0MB) 鈹溾枅鈻堚枅鈻堚枅鈻堚枅鈹€鈹€鈹€鈹€鈹€鈹€鈹€鈹€鈹€鈹€鈹€鈹€鈹€鈹€鈹€鈹€鈹€鈹€鈹€鈹€鈹€鈹€鈹€鈹€鈹€鈹€鈹€鈹€鈹€鈹€鈹€鈹€鈹€鈹1/2]   11 MB/s
17.1% ( 18.2/107.0MB) 鈹溾枅鈻堚枅鈻堚枅鈻堚枅鈹€鈹€鈹€鈹€鈹€鈹€鈹€鈹€鈹€鈹€鈹€鈹€鈹€鈹€鈹€鈹€鈹€鈹€鈹€鈹€鈹€鈹€鈹€鈹€鈹€鈹€鈹€鈹€鈹€鈹€鈹€鈹€鈹€鈹1/2]   11 MB/s
17.3% ( 18.5/107.0MB) 鈹溾枅鈻堚枅鈻堚枅鈻堚枅鈹€鈹€鈹€鈹€鈹€鈹€鈹€鈹€鈹€鈹€鈹€鈹€鈹€鈹€鈹€鈹€鈹€鈹€鈹€鈹€鈹€鈹€鈹€鈹€鈹€鈹€鈹€鈹€鈹€鈹€鈹€鈹€鈹€鈹1/2]   11 MB/s
17.5% ( 18.8/107.0MB) 鈹溾枅鈻堚枅鈻堚枅鈻堚枅鈹€鈹€鈹€鈹€鈹€鈹€鈹€鈹€鈹€鈹€鈹€鈹€鈹€鈹€鈹€鈹€鈹€鈹€鈹€鈹€鈹€鈹€鈹€鈹€鈹€鈹€鈹€鈹€鈹€鈹€鈹€鈹€鈹€鈹1/2]   11 MB/s
17.8% ( 19.0/107.0MB) 鈹溾枅鈻堚枅鈻堚枅鈻堚枅鈹€鈹€鈹€鈹€鈹€鈹€鈹€鈹€鈹€鈹€鈹€鈹€鈹€鈹€鈹€鈹€鈹€鈹€鈹€鈹€鈹€鈹€鈹€鈹€鈹€鈹€鈹€鈹€鈹€鈹€鈹€鈹€鈹€鈹1/2]   11 MB/s
18.0% ( 19.2/107.0MB) 鈹溾枅鈻堚枅鈻堚枅鈻堚枅鈻堚攢鈹€鈹€鈹€鈹€鈹€鈹€鈹€鈹€鈹€鈹€鈹€鈹€鈹€鈹€鈹€鈹€鈹€鈹€鈹€鈹€鈹€鈹€鈹€鈹€鈹€鈹€鈹€鈹€鈹€鈹€鈹€鈹1/2]   11 MB/s
18.2% ( 19.5/107.0MB) 鈹溾枅鈻堚枅鈻堚枅鈻堚枅鈻堚攢鈹€鈹€鈹€鈹€鈹€鈹€鈹€鈹€鈹€鈹€鈹€鈹€鈹€鈹€鈹€鈹€鈹€鈹€鈹€鈹€鈹€鈹€鈹€鈹€鈹€鈹€鈹€鈹€鈹€鈹€鈹€鈹1/2]   11 MB/s
18.5% ( 19.8/107.0MB) 鈹溾枅鈻堚枅鈻堚枅鈻堚枅鈻堚攢鈹€鈹€鈹€鈹€鈹€鈹€鈹€鈹€鈹€鈹€鈹€鈹€鈹€鈹€鈹€鈹€鈹€鈹€鈹€鈹€鈹€鈹€鈹€鈹€鈹€鈹€鈹€鈹€鈹€鈹€鈹€鈹1/2]   11 MB/s
18.7% ( 20.0/107.0MB) 鈹溾枅鈻堚枅鈻堚枅鈻堚枅鈻堚攢鈹€鈹€鈹€鈹€鈹€鈹€鈹€鈹€鈹€鈹€鈹€鈹€鈹€鈹€鈹€鈹€鈹€鈹€鈹€鈹€鈹€鈹€鈹€鈹€鈹€鈹€鈹€鈹€鈹€鈹€鈹€鈹1/2]   11 MB/s
18.9% ( 20.2/107.0MB) 鈹溾枅鈻堚枅鈻堚枅鈻堚枅鈻堚攢鈹€鈹€鈹€鈹€鈹€鈹€鈹€鈹€鈹€鈹€鈹€鈹€鈹€鈹€鈹€鈹€鈹€鈹€鈹€鈹€鈹€鈹€鈹€鈹€鈹€鈹€鈹€鈹€鈹€鈹€鈹€鈹1/2]   11 MB/s
19.2% ( 20.5/107.0MB) 鈹溾枅鈻堚枅鈻堚枅鈻堚枅鈻堚攢鈹€鈹€鈹€鈹€鈹€鈹€鈹€鈹€鈹€鈹€鈹€鈹€鈹€鈹€鈹€鈹€鈹€鈹€鈹€鈹€鈹€鈹€鈹€鈹€鈹€鈹€鈹€鈹€鈹€鈹€鈹€鈹1/2]   11 MB/s
19.4% ( 20.8/107.0MB) 鈹溾枅鈻堚枅鈻堚枅鈻堚枅鈻堚攢鈹€鈹€鈹€鈹€鈹€鈹€鈹€鈹€鈹€鈹€鈹€鈹€鈹€鈹€鈹€鈹€鈹€鈹€鈹€鈹€鈹€鈹€鈹€鈹€鈹€鈹€鈹€鈹€鈹€鈹€鈹€鈹1/2]   11 MB/s
19.6% ( 21.0/107.0MB) 鈹溾枅鈻堚枅鈻堚枅鈻堚枅鈻堚攢鈹€鈹€鈹€鈹€鈹€鈹€鈹€鈹€鈹€鈹€鈹€鈹€鈹€鈹€鈹€鈹€鈹€鈹€鈹€鈹€鈹€鈹€鈹€鈹€鈹€鈹€鈹€鈹€鈹€鈹€鈹€鈹1/2]   11 MB/s
19.9% ( 21.2/107.0MB) 鈹溾枅鈻堚枅鈻堚枅鈻堚枅鈻堚攢鈹€鈹€鈹€鈹€鈹€鈹€鈹€鈹€鈹€鈹€鈹€鈹€鈹€鈹€鈹€鈹€鈹€鈹€鈹€鈹€鈹€鈹€鈹€鈹€鈹€鈹€鈹€鈹€鈹€鈹€鈹€鈹1/2]   11 MB/s
20.1% ( 21.5/107.0MB) 鈹溾枅鈻堚枅鈻堚枅鈻堚枅鈻堚枅鈹€鈹€鈹€鈹€鈹€鈹€鈹€鈹€鈹€鈹€鈹€鈹€鈹€鈹€鈹€鈹€鈹€鈹€鈹€鈹€鈹€鈹€鈹€鈹€鈹€鈹€鈹€鈹€鈹€鈹€鈹€鈹1/2]   11 MB/s
20.3% ( 21.8/107.0MB) 鈹溾枅鈻堚枅鈻堚枅鈻堚枅鈻堚枅鈹€鈹€鈹€鈹€鈹€鈹€鈹€鈹€鈹€鈹€鈹€鈹€鈹€鈹€鈹€鈹€鈹€鈹€鈹€鈹€鈹€鈹€鈹€鈹€鈹€鈹€鈹€鈹€鈹€鈹€鈹€鈹1/2]   11 MB/s
20.6% ( 22.0/107.0MB) 鈹溾枅鈻堚枅鈻堚枅鈻堚枅鈻堚枅鈹€鈹€鈹€鈹€鈹€鈹€鈹€鈹€鈹€鈹€鈹€鈹€鈹€鈹€鈹€鈹€鈹€鈹€鈹€鈹€鈹€鈹€鈹€鈹€鈹€鈹€鈹€鈹€鈹€鈹€鈹€鈹1/2]   11 MB/s
20.8% ( 22.2/107.0MB) 鈹溾枅鈻堚枅鈻堚枅鈻堚枅鈻堚枅鈹€鈹€鈹€鈹€鈹€鈹€鈹€鈹€鈹€鈹€鈹€鈹€鈹€鈹€鈹€鈹€鈹€鈹€鈹€鈹€鈹€鈹€鈹€鈹€鈹€鈹€鈹€鈹€鈹€鈹€鈹€鈹1/2]   11 MB/s
21.0% ( 22.5/107.0MB) 鈹溾枅鈻堚枅鈻堚枅鈻堚枅鈻堚枅鈹€鈹€鈹€鈹€鈹€鈹€鈹€鈹€鈹€鈹€鈹€鈹€鈹€鈹€鈹€鈹€鈹€鈹€鈹€鈹€鈹€鈹€鈹€鈹€鈹€鈹€鈹€鈹€鈹€鈹€鈹€鈹1/2]   11 MB/s
21.3% ( 22.8/107.0MB) 鈹溾枅鈻堚枅鈻堚枅鈻堚枅鈻堚枅鈹€鈹€鈹€鈹€鈹€鈹€鈹€鈹€鈹€鈹€鈹€鈹€鈹€鈹€鈹€鈹€鈹€鈹€鈹€鈹€鈹€鈹€鈹€鈹€鈹€鈹€鈹€鈹€鈹€鈹€鈹€鈹1/2]   11 MB/s
21.5% ( 23.0/107.0MB) 鈹溾枅鈻堚枅鈻堚枅鈻堚枅鈻堚枅鈹€鈹€鈹€鈹€鈹€鈹€鈹€鈹€鈹€鈹€鈹€鈹€鈹€鈹€鈹€鈹€鈹€鈹€鈹€鈹€鈹€鈹€鈹€鈹€鈹€鈹€鈹€鈹€鈹€鈹€鈹€鈹1/2]   11 MB/s
21.7% ( 23.2/107.0MB) 鈹溾枅鈻堚枅鈻堚枅鈻堚枅鈻堚枅鈹€鈹€鈹€鈹€鈹€鈹€鈹€鈹€鈹€鈹€鈹€鈹€鈹€鈹€鈹€鈹€鈹€鈹€鈹€鈹€鈹€鈹€鈹€鈹€鈹€鈹€鈹€鈹€鈹€鈹€鈹€鈹1/2]   11 MB/s
22.0% ( 23.5/107.0MB) 鈹溾枅鈻堚枅鈻堚枅鈻堚枅鈻堚枅鈹€鈹€鈹€鈹€鈹€鈹€鈹€鈹€鈹€鈹€鈹€鈹€鈹€鈹€鈹€鈹€鈹€鈹€鈹€鈹€鈹€鈹€鈹€鈹€鈹€鈹€鈹€鈹€鈹€鈹€鈹€鈹1/2]   11 MB/s
22.2% ( 23.8/107.0MB) 鈹溾枅鈻堚枅鈻堚枅鈻堚枅鈻堚枅鈹€鈹€鈹€鈹€鈹€鈹€鈹€鈹€鈹€鈹€鈹€鈹€鈹€鈹€鈹€鈹€鈹€鈹€鈹€鈹€鈹€鈹€鈹€鈹€鈹€鈹€鈹€鈹€鈹€鈹€鈹€鈹1/2]   11 MB/s
22.4% ( 24.0/107.0MB) 鈹溾枅鈻堚枅鈻堚枅鈻堚枅鈻堚枅鈹€鈹€鈹€鈹€鈹€鈹€鈹€鈹€鈹€鈹€鈹€鈹€鈹€鈹€鈹€鈹€鈹€鈹€鈹€鈹€鈹€鈹€鈹€鈹€鈹€鈹€鈹€鈹€鈹€鈹€鈹€鈹1/2]   11 MB/s
22.7% ( 24.2/107.0MB) 鈹溾枅鈻堚枅鈻堚枅鈻堚枅鈻堚枅鈹€鈹€鈹€鈹€鈹€鈹€鈹€鈹€鈹€鈹€鈹€鈹€鈹€鈹€鈹€鈹€鈹€鈹€鈹€鈹€鈹€鈹€鈹€鈹€鈹€鈹€鈹€鈹€鈹€鈹€鈹€鈹1/2]   11 MB/s
22.9% ( 24.5/107.0MB) 鈹溾枅鈻堚枅鈻堚枅鈻堚枅鈻堚枅鈹€鈹€鈹€鈹€鈹€鈹€鈹€鈹€鈹€鈹€鈹€鈹€鈹€鈹€鈹€鈹€鈹€鈹€鈹€鈹€鈹€鈹€鈹€鈹€鈹€鈹€鈹€鈹€鈹€鈹€鈹€鈹1/2]   11 MB/s
23.1% ( 24.8/107.0MB) 鈹溾枅鈻堚枅鈻堚枅鈻堚枅鈻堚枅鈻堚攢鈹€鈹€鈹€鈹€鈹€鈹€鈹€鈹€鈹€鈹€鈹€鈹€鈹€鈹€鈹€鈹€鈹€鈹€鈹€鈹€鈹€鈹€鈹€鈹€鈹€鈹€鈹€鈹€鈹€鈹1/2]   11 MB/s
23.4% ( 25.0/107.0MB) 鈹溾枅鈻堚枅鈻堚枅鈻堚枅鈻堚枅鈻堚攢鈹€鈹€鈹€鈹€鈹€鈹€鈹€鈹€鈹€鈹€鈹€鈹€鈹€鈹€鈹€鈹€鈹€鈹€鈹€鈹€鈹€鈹€鈹€鈹€鈹€鈹€鈹€鈹€鈹€鈹1/2]   11 MB/s
23.6% ( 25.2/107.0MB) 鈹溾枅鈻堚枅鈻堚枅鈻堚枅鈻堚枅鈻堚攢鈹€鈹€鈹€鈹€鈹€鈹€鈹€鈹€鈹€鈹€鈹€鈹€鈹€鈹€鈹€鈹€鈹€鈹€鈹€鈹€鈹€鈹€鈹€鈹€鈹€鈹€鈹€鈹€鈹€鈹1/2]   11 MB/s
23.8% ( 25.5/107.0MB) 鈹溾枅鈻堚枅鈻堚枅鈻堚枅鈻堚枅鈻堚攢鈹€鈹€鈹€鈹€鈹€鈹€鈹€鈹€鈹€鈹€鈹€鈹€鈹€鈹€鈹€鈹€鈹€鈹€鈹€鈹€鈹€鈹€鈹€鈹€鈹€鈹€鈹€鈹€鈹€鈹1/2]   11 MB/s
24.1% ( 25.8/107.0MB) 鈹溾枅鈻堚枅鈻堚枅鈻堚枅鈻堚枅鈻堚攢鈹€鈹€鈹€鈹€鈹€鈹€鈹€鈹€鈹€鈹€鈹€鈹€鈹€鈹€鈹€鈹€鈹€鈹€鈹€鈹€鈹€鈹€鈹€鈹€鈹€鈹€鈹€鈹€鈹€鈹1/2]   11 MB/s
24.3% ( 26.0/107.0MB) 鈹溾枅鈻堚枅鈻堚枅鈻堚枅鈻堚枅鈻堚攢鈹€鈹€鈹€鈹€鈹€鈹€鈹€鈹€鈹€鈹€鈹€鈹€鈹€鈹€鈹€鈹€鈹€鈹€鈹€鈹€鈹€鈹€鈹€鈹€鈹€鈹€鈹€鈹€鈹€鈹1/2]   11 MB/s
24.5% ( 26.2/107.0MB) 鈹溾枅鈻堚枅鈻堚枅鈻堚枅鈻堚枅鈻堚攢鈹€鈹€鈹€鈹€鈹€鈹€鈹€鈹€鈹€鈹€鈹€鈹€鈹€鈹€鈹€鈹€鈹€鈹€鈹€鈹€鈹€鈹€鈹€鈹€鈹€鈹€鈹€鈹€鈹€鈹1/2]   11 MB/s
24.8% ( 26.5/107.0MB) 鈹溾枅鈻堚枅鈻堚枅鈻堚枅鈻堚枅鈻堚攢鈹€鈹€鈹€鈹€鈹€鈹€鈹€鈹€鈹€鈹€鈹€鈹€鈹€鈹€鈹€鈹€鈹€鈹€鈹€鈹€鈹€鈹€鈹€鈹€鈹€鈹€鈹€鈹€鈹€鈹1/2]   11 MB/s
25.0% ( 26.8/107.0MB) 鈹溾枅鈻堚枅鈻堚枅鈻堚枅鈻堚枅鈻堚枅鈹€鈹€鈹€鈹€鈹€鈹€鈹€鈹€鈹€鈹€鈹€鈹€鈹€鈹€鈹€鈹€鈹€鈹€鈹€鈹€鈹€鈹€鈹€鈹€鈹€鈹€鈹€鈹€鈹€鈹1/2]   11 MB/s
25.2% ( 27.0/107.0MB) 鈹溾枅鈻堚枅鈻堚枅鈻堚枅鈻堚枅鈻堚枅鈹€鈹€鈹€鈹€鈹€鈹€鈹€鈹€鈹€鈹€鈹€鈹€鈹€鈹€鈹€鈹€鈹€鈹€鈹€鈹€鈹€鈹€鈹€鈹€鈹€鈹€鈹€鈹€鈹€鈹1/2]   11 MB/s
25.5% ( 27.2/107.0MB) 鈹溾枅鈻堚枅鈻堚枅鈻堚枅鈻堚枅鈻堚枅鈹€鈹€鈹€鈹€鈹€鈹€鈹€鈹€鈹€鈹€鈹€鈹€鈹€鈹€鈹€鈹€鈹€鈹€鈹€鈹€鈹€鈹€鈹€鈹€鈹€鈹€鈹€鈹€鈹€鈹1/2]   11 MB/s
25.7% ( 27.5/107.0MB) 鈹溾枅鈻堚枅鈻堚枅鈻堚枅鈻堚枅鈻堚枅鈹€鈹€鈹€鈹€鈹€鈹€鈹€鈹€鈹€鈹€鈹€鈹€鈹€鈹€鈹€鈹€鈹€鈹€鈹€鈹€鈹€鈹€鈹€鈹€鈹€鈹€鈹€鈹€鈹€鈹1/2]   11 MB/s
25.9% ( 27.8/107.0MB) 鈹溾枅鈻堚枅鈻堚枅鈻堚枅鈻堚枅鈻堚枅鈹€鈹€鈹€鈹€鈹€鈹€鈹€鈹€鈹€鈹€鈹€鈹€鈹€鈹€鈹€鈹€鈹€鈹€鈹€鈹€鈹€鈹€鈹€鈹€鈹€鈹€鈹€鈹€鈹€鈹1/2]   11 MB/s
26.2% ( 28.0/107.0MB) 鈹溾枅鈻堚枅鈻堚枅鈻堚枅鈻堚枅鈻堚枅鈹€鈹€鈹€鈹€鈹€鈹€鈹€鈹€鈹€鈹€鈹€鈹€鈹€鈹€鈹€鈹€鈹€鈹€鈹€鈹€鈹€鈹€鈹€鈹€鈹€鈹€鈹€鈹€鈹€鈹1/2]   11 MB/s
26.4% ( 28.2/107.0MB) 鈹溾枅鈻堚枅鈻堚枅鈻堚枅鈻堚枅鈻堚枅鈹€鈹€鈹€鈹€鈹€鈹€鈹€鈹€鈹€鈹€鈹€鈹€鈹€鈹€鈹€鈹€鈹€鈹€鈹€鈹€鈹€鈹€鈹€鈹€鈹€鈹€鈹€鈹€鈹€鈹1/2]   11 MB/s
26.6% ( 28.5/107.0MB) 鈹溾枅鈻堚枅鈻堚枅鈻堚枅鈻堚枅鈻堚枅鈹€鈹€鈹€鈹€鈹€鈹€鈹€鈹€鈹€鈹€鈹€鈹€鈹€鈹€鈹€鈹€鈹€鈹€鈹€鈹€鈹€鈹€鈹€鈹€鈹€鈹€鈹€鈹€鈹€鈹1/2]   11 MB/s
26.9% ( 28.8/107.0MB) 鈹溾枅鈻堚枅鈻堚枅鈻堚枅鈻堚枅鈻堚枅鈹€鈹€鈹€鈹€鈹€鈹€鈹€鈹€鈹€鈹€鈹€鈹€鈹€鈹€鈹€鈹€鈹€鈹€鈹€鈹€鈹€鈹€鈹€鈹€鈹€鈹€鈹€鈹€鈹€鈹1/2]   11 MB/s
27.1% ( 29.0/107.0MB) 鈹溾枅鈻堚枅鈻堚枅鈻堚枅鈻堚枅鈻堚枅鈹€鈹€鈹€鈹€鈹€鈹€鈹€鈹€鈹€鈹€鈹€鈹€鈹€鈹€鈹€鈹€鈹€鈹€鈹€鈹€鈹€鈹€鈹€鈹€鈹€鈹€鈹€鈹€鈹€鈹1/2]   11 MB/s
27.3% ( 29.2/107.0MB) 鈹溾枅鈻堚枅鈻堚枅鈻堚枅鈻堚枅鈻堚枅鈹€鈹€鈹€鈹€鈹€鈹€鈹€鈹€鈹€鈹€鈹€鈹€鈹€鈹€鈹€鈹€鈹€鈹€鈹€鈹€鈹€鈹€鈹€鈹€鈹€鈹€鈹€鈹€鈹€鈹1/2]   11 MB/s
27.6% ( 29.5/107.0MB) 鈹溾枅鈻堚枅鈻堚枅鈻堚枅鈻堚枅鈻堚枅鈹€鈹€鈹€鈹€鈹€鈹€鈹€鈹€鈹€鈹€鈹€鈹€鈹€鈹€鈹€鈹€鈹€鈹€鈹€鈹€鈹€鈹€鈹€鈹€鈹€鈹€鈹€鈹€鈹€鈹1/2]   11 MB/s
27.8% ( 29.8/107.0MB) 鈹溾枅鈻堚枅鈻堚枅鈻堚枅鈻堚枅鈻堚枅鈹€鈹€鈹€鈹€鈹€鈹€鈹€鈹€鈹€鈹€鈹€鈹€鈹€鈹€鈹€鈹€鈹€鈹€鈹€鈹€鈹€鈹€鈹€鈹€鈹€鈹€鈹€鈹€鈹€鈹1/2]   11 MB/s
28.0% ( 30.0/107.0MB) 鈹溾枅鈻堚枅鈻堚枅鈻堚枅鈻堚枅鈻堚枅鈻堚攢鈹€鈹€鈹€鈹€鈹€鈹€鈹€鈹€鈹€鈹€鈹€鈹€鈹€鈹€鈹€鈹€鈹€鈹€鈹€鈹€鈹€鈹€鈹€鈹€鈹€鈹€鈹€鈹1/2]   11 MB/s
28.3% ( 30.2/107.0MB) 鈹溾枅鈻堚枅鈻堚枅鈻堚枅鈻堚枅鈻堚枅鈻堚攢鈹€鈹€鈹€鈹€鈹€鈹€鈹€鈹€鈹€鈹€鈹€鈹€鈹€鈹€鈹€鈹€鈹€鈹€鈹€鈹€鈹€鈹€鈹€鈹€鈹€鈹€鈹€鈹1/2]   11 MB/s
28.5% ( 30.5/107.0MB) 鈹溾枅鈻堚枅鈻堚枅鈻堚枅鈻堚枅鈻堚枅鈻堚攢鈹€鈹€鈹€鈹€鈹€鈹€鈹€鈹€鈹€鈹€鈹€鈹€鈹€鈹€鈹€鈹€鈹€鈹€鈹€鈹€鈹€鈹€鈹€鈹€鈹€鈹€鈹€鈹1/2]   11 MB/s
28.7% ( 30.8/107.0MB) 鈹溾枅鈻堚枅鈻堚枅鈻堚枅鈻堚枅鈻堚枅鈻堚攢鈹€鈹€鈹€鈹€鈹€鈹€鈹€鈹€鈹€鈹€鈹€鈹€鈹€鈹€鈹€鈹€鈹€鈹€鈹€鈹€鈹€鈹€鈹€鈹€鈹€鈹€鈹€鈹1/2]   11 MB/s
29.0% ( 31.0/107.0MB) 鈹溾枅鈻堚枅鈻堚枅鈻堚枅鈻堚枅鈻堚枅鈻堚攢鈹€鈹€鈹€鈹€鈹€鈹€鈹€鈹€鈹€鈹€鈹€鈹€鈹€鈹€鈹€鈹€鈹€鈹€鈹€鈹€鈹€鈹€鈹€鈹€鈹€鈹€鈹€鈹1/2]   11 MB/s
29.2% ( 31.2/107.0MB) 鈹溾枅鈻堚枅鈻堚枅鈻堚枅鈻堚枅鈻堚枅鈻堚攢鈹€鈹€鈹€鈹€鈹€鈹€鈹€鈹€鈹€鈹€鈹€鈹€鈹€鈹€鈹€鈹€鈹€鈹€鈹€鈹€鈹€鈹€鈹€鈹€鈹€鈹€鈹€鈹1/2]   11 MB/s
29.4% ( 31.5/107.0MB) 鈹溾枅鈻堚枅鈻堚枅鈻堚枅鈻堚枅鈻堚枅鈻堚攢鈹€鈹€鈹€鈹€鈹€鈹€鈹€鈹€鈹€鈹€鈹€鈹€鈹€鈹€鈹€鈹€鈹€鈹€鈹€鈹€鈹€鈹€鈹€鈹€鈹€鈹€鈹€鈹1/2]   11 MB/s
29.7% ( 31.8/107.0MB) 鈹溾枅鈻堚枅鈻堚枅鈻堚枅鈻堚枅鈻堚枅鈻堚攢鈹€鈹€鈹€鈹€鈹€鈹€鈹€鈹€鈹€鈹€鈹€鈹€鈹€鈹€鈹€鈹€鈹€鈹€鈹€鈹€鈹€鈹€鈹€鈹€鈹€鈹€鈹€鈹1/2]   11 MB/s
29.9% ( 32.0/107.0MB) 鈹溾枅鈻堚枅鈻堚枅鈻堚枅鈻堚枅鈻堚枅鈻堚攢鈹€鈹€鈹€鈹€鈹€鈹€鈹€鈹€鈹€鈹€鈹€鈹€鈹€鈹€鈹€鈹€鈹€鈹€鈹€鈹€鈹€鈹€鈹€鈹€鈹€鈹€鈹€鈹1/2]   11 MB/s
30.1% ( 32.2/107.0MB) 鈹溾枅鈻堚枅鈻堚枅鈻堚枅鈻堚枅鈻堚枅鈻堚枅鈹€鈹€鈹€鈹€鈹€鈹€鈹€鈹€鈹€鈹€鈹€鈹€鈹€鈹€鈹€鈹€鈹€鈹€鈹€鈹€鈹€鈹€鈹€鈹€鈹€鈹€鈹€鈹1/2]   11 MB/s
30.4% ( 32.5/107.0MB) 鈹溾枅鈻堚枅鈻堚枅鈻堚枅鈻堚枅鈻堚枅鈻堚枅鈹€鈹€鈹€鈹€鈹€鈹€鈹€鈹€鈹€鈹€鈹€鈹€鈹€鈹€鈹€鈹€鈹€鈹€鈹€鈹€鈹€鈹€鈹€鈹€鈹€鈹€鈹€鈹1/2]   11 MB/s
30.6% ( 32.8/107.0MB) 鈹溾枅鈻堚枅鈻堚枅鈻堚枅鈻堚枅鈻堚枅鈻堚枅鈹€鈹€鈹€鈹€鈹€鈹€鈹€鈹€鈹€鈹€鈹€鈹€鈹€鈹€鈹€鈹€鈹€鈹€鈹€鈹€鈹€鈹€鈹€鈹€鈹€鈹€鈹€鈹1/2]   11 MB/s
30.8% ( 33.0/107.0MB) 鈹溾枅鈻堚枅鈻堚枅鈻堚枅鈻堚枅鈻堚枅鈻堚枅鈹€鈹€鈹€鈹€鈹€鈹€鈹€鈹€鈹€鈹€鈹€鈹€鈹€鈹€鈹€鈹€鈹€鈹€鈹€鈹€鈹€鈹€鈹€鈹€鈹€鈹€鈹€鈹1/2]   11 MB/s
31.1% ( 33.2/107.0MB) 鈹溾枅鈻堚枅鈻堚枅鈻堚枅鈻堚枅鈻堚枅鈻堚枅鈹€鈹€鈹€鈹€鈹€鈹€鈹€鈹€鈹€鈹€鈹€鈹€鈹€鈹€鈹€鈹€鈹€鈹€鈹€鈹€鈹€鈹€鈹€鈹€鈹€鈹€鈹€鈹1/2]   11 MB/s
31.3% ( 33.5/107.0MB) 鈹溾枅鈻堚枅鈻堚枅鈻堚枅鈻堚枅鈻堚枅鈻堚枅鈹€鈹€鈹€鈹€鈹€鈹€鈹€鈹€鈹€鈹€鈹€鈹€鈹€鈹€鈹€鈹€鈹€鈹€鈹€鈹€鈹€鈹€鈹€鈹€鈹€鈹€鈹€鈹1/2]   11 MB/s
31.5% ( 33.8/107.0MB) 鈹溾枅鈻堚枅鈻堚枅鈻堚枅鈻堚枅鈻堚枅鈻堚枅鈹€鈹€鈹€鈹€鈹€鈹€鈹€鈹€鈹€鈹€鈹€鈹€鈹€鈹€鈹€鈹€鈹€鈹€鈹€鈹€鈹€鈹€鈹€鈹€鈹€鈹€鈹€鈹1/2]   11 MB/s
31.8% ( 34.0/107.0MB) 鈹溾枅鈻堚枅鈻堚枅鈻堚枅鈻堚枅鈻堚枅鈻堚枅鈹€鈹€鈹€鈹€鈹€鈹€鈹€鈹€鈹€鈹€鈹€鈹€鈹€鈹€鈹€鈹€鈹€鈹€鈹€鈹€鈹€鈹€鈹€鈹€鈹€鈹€鈹€鈹1/2]   11 MB/s
32.0% ( 34.2/107.0MB) 鈹溾枅鈻堚枅鈻堚枅鈻堚枅鈻堚枅鈻堚枅鈻堚枅鈹€鈹€鈹€鈹€鈹€鈹€鈹€鈹€鈹€鈹€鈹€鈹€鈹€鈹€鈹€鈹€鈹€鈹€鈹€鈹€鈹€鈹€鈹€鈹€鈹€鈹€鈹€鈹1/2]   11 MB/s
32.3% ( 34.5/107.0MB) 鈹溾枅鈻堚枅鈻堚枅鈻堚枅鈻堚枅鈻堚枅鈻堚枅鈹€鈹€鈹€鈹€鈹€鈹€鈹€鈹€鈹€鈹€鈹€鈹€鈹€鈹€鈹€鈹€鈹€鈹€鈹€鈹€鈹€鈹€鈹€鈹€鈹€鈹€鈹€鈹1/2]   11 MB/s
32.5% ( 34.8/107.0MB) 鈹溾枅鈻堚枅鈻堚枅鈻堚枅鈻堚枅鈻堚枅鈻堚枅鈹€鈹€鈹€鈹€鈹€鈹€鈹€鈹€鈹€鈹€鈹€鈹€鈹€鈹€鈹€鈹€鈹€鈹€鈹€鈹€鈹€鈹€鈹€鈹€鈹€鈹€鈹€鈹1/2]   11 MB/s
32.7% ( 35.0/107.0MB) 鈹溾枅鈻堚枅鈻堚枅鈻堚枅鈻堚枅鈻堚枅鈻堚枅鈹€鈹€鈹€鈹€鈹€鈹€鈹€鈹€鈹€鈹€鈹€鈹€鈹€鈹€鈹€鈹€鈹€鈹€鈹€鈹€鈹€鈹€鈹€鈹€鈹€鈹€鈹€鈹1/2]   11 MB/s
33.0% ( 35.2/107.0MB) 鈹溾枅鈻堚枅鈻堚枅鈻堚枅鈻堚枅鈻堚枅鈻堚枅鈻堚攢鈹€鈹€鈹€鈹€鈹€鈹€鈹€鈹€鈹€鈹€鈹€鈹€鈹€鈹€鈹€鈹€鈹€鈹€鈹€鈹€鈹€鈹€鈹€鈹€鈹€鈹1/2]   11 MB/s
33.2% ( 35.5/107.0MB) 鈹溾枅鈻堚枅鈻堚枅鈻堚枅鈻堚枅鈻堚枅鈻堚枅鈻堚攢鈹€鈹€鈹€鈹€鈹€鈹€鈹€鈹€鈹€鈹€鈹€鈹€鈹€鈹€鈹€鈹€鈹€鈹€鈹€鈹€鈹€鈹€鈹€鈹€鈹€鈹1/2]   11 MB/s
33.4% ( 35.8/107.0MB) 鈹溾枅鈻堚枅鈻堚枅鈻堚枅鈻堚枅鈻堚枅鈻堚枅鈻堚攢鈹€鈹€鈹€鈹€鈹€鈹€鈹€鈹€鈹€鈹€鈹€鈹€鈹€鈹€鈹€鈹€鈹€鈹€鈹€鈹€鈹€鈹€鈹€鈹€鈹€鈹1/2]   11 MB/s
33.7% ( 36.0/107.0MB) 鈹溾枅鈻堚枅鈻堚枅鈻堚枅鈻堚枅鈻堚枅鈻堚枅鈻堚攢鈹€鈹€鈹€鈹€鈹€鈹€鈹€鈹€鈹€鈹€鈹€鈹€鈹€鈹€鈹€鈹€鈹€鈹€鈹€鈹€鈹€鈹€鈹€鈹€鈹€鈹1/2]   11 MB/s
33.9% ( 36.2/107.0MB) 鈹溾枅鈻堚枅鈻堚枅鈻堚枅鈻堚枅鈻堚枅鈻堚枅鈻堚攢鈹€鈹€鈹€鈹€鈹€鈹€鈹€鈹€鈹€鈹€鈹€鈹€鈹€鈹€鈹€鈹€鈹€鈹€鈹€鈹€鈹€鈹€鈹€鈹€鈹€鈹1/2]   11 MB/s
34.1% ( 36.5/107.0MB) 鈹溾枅鈻堚枅鈻堚枅鈻堚枅鈻堚枅鈻堚枅鈻堚枅鈻堚攢鈹€鈹€鈹€鈹€鈹€鈹€鈹€鈹€鈹€鈹€鈹€鈹€鈹€鈹€鈹€鈹€鈹€鈹€鈹€鈹€鈹€鈹€鈹€鈹€鈹€鈹1/2]   11 MB/s
34.4% ( 36.8/107.0MB) 鈹溾枅鈻堚枅鈻堚枅鈻堚枅鈻堚枅鈻堚枅鈻堚枅鈻堚攢鈹€鈹€鈹€鈹€鈹€鈹€鈹€鈹€鈹€鈹€鈹€鈹€鈹€鈹€鈹€鈹€鈹€鈹€鈹€鈹€鈹€鈹€鈹€鈹€鈹€鈹1/2]   11 MB/s
34.6% ( 37.0/107.0MB) 鈹溾枅鈻堚枅鈻堚枅鈻堚枅鈻堚枅鈻堚枅鈻堚枅鈻堚攢鈹€鈹€鈹€鈹€鈹€鈹€鈹€鈹€鈹€鈹€鈹€鈹€鈹€鈹€鈹€鈹€鈹€鈹€鈹€鈹€鈹€鈹€鈹€鈹€鈹€鈹1/2]   11 MB/s
34.8% ( 37.2/107.0MB) 鈹溾枅鈻堚枅鈻堚枅鈻堚枅鈻堚枅鈻堚枅鈻堚枅鈻堚攢鈹€鈹€鈹€鈹€鈹€鈹€鈹€鈹€鈹€鈹€鈹€鈹€鈹€鈹€鈹€鈹€鈹€鈹€鈹€鈹€鈹€鈹€鈹€鈹€鈹€鈹1/2]   11 MB/s
35.1% ( 37.5/107.0MB) 鈹溾枅鈻堚枅鈻堚枅鈻堚枅鈻堚枅鈻堚枅鈻堚枅鈻堚枅鈹€鈹€鈹€鈹€鈹€鈹€鈹€鈹€鈹€鈹€鈹€鈹€鈹€鈹€鈹€鈹€鈹€鈹€鈹€鈹€鈹€鈹€鈹€鈹€鈹€鈹1/2]   11 MB/s
35.3% ( 37.8/107.0MB) 鈹溾枅鈻堚枅鈻堚枅鈻堚枅鈻堚枅鈻堚枅鈻堚枅鈻堚枅鈹€鈹€鈹€鈹€鈹€鈹€鈹€鈹€鈹€鈹€鈹€鈹€鈹€鈹€鈹€鈹€鈹€鈹€鈹€鈹€鈹€鈹€鈹€鈹€鈹€鈹1/2]   11 MB/s
35.5% ( 38.0/107.0MB) 鈹溾枅鈻堚枅鈻堚枅鈻堚枅鈻堚枅鈻堚枅鈻堚枅鈻堚枅鈹€鈹€鈹€鈹€鈹€鈹€鈹€鈹€鈹€鈹€鈹€鈹€鈹€鈹€鈹€鈹€鈹€鈹€鈹€鈹€鈹€鈹€鈹€鈹€鈹€鈹1/2]   11 MB/s
35.8% ( 38.2/107.0MB) 鈹溾枅鈻堚枅鈻堚枅鈻堚枅鈻堚枅鈻堚枅鈻堚枅鈻堚枅鈹€鈹€鈹€鈹€鈹€鈹€鈹€鈹€鈹€鈹€鈹€鈹€鈹€鈹€鈹€鈹€鈹€鈹€鈹€鈹€鈹€鈹€鈹€鈹€鈹€鈹1/2]   11 MB/s
36.0% ( 38.5/107.0MB) 鈹溾枅鈻堚枅鈻堚枅鈻堚枅鈻堚枅鈻堚枅鈻堚枅鈻堚枅鈹€鈹€鈹€鈹€鈹€鈹€鈹€鈹€鈹€鈹€鈹€鈹€鈹€鈹€鈹€鈹€鈹€鈹€鈹€鈹€鈹€鈹€鈹€鈹€鈹€鈹1/2]   11 MB/s
36.2% ( 38.8/107.0MB) 鈹溾枅鈻堚枅鈻堚枅鈻堚枅鈻堚枅鈻堚枅鈻堚枅鈻堚枅鈹€鈹€鈹€鈹€鈹€鈹€鈹€鈹€鈹€鈹€鈹€鈹€鈹€鈹€鈹€鈹€鈹€鈹€鈹€鈹€鈹€鈹€鈹€鈹€鈹€鈹1/2]   11 MB/s
36.5% ( 39.0/107.0MB) 鈹溾枅鈻堚枅鈻堚枅鈻堚枅鈻堚枅鈻堚枅鈻堚枅鈻堚枅鈹€鈹€鈹€鈹€鈹€鈹€鈹€鈹€鈹€鈹€鈹€鈹€鈹€鈹€鈹€鈹€鈹€鈹€鈹€鈹€鈹€鈹€鈹€鈹€鈹€鈹1/2]   11 MB/s
36.7% ( 39.2/107.0MB) 鈹溾枅鈻堚枅鈻堚枅鈻堚枅鈻堚枅鈻堚枅鈻堚枅鈻堚枅鈹€鈹€鈹€鈹€鈹€鈹€鈹€鈹€鈹€鈹€鈹€鈹€鈹€鈹€鈹€鈹€鈹€鈹€鈹€鈹€鈹€鈹€鈹€鈹€鈹€鈹1/2]   11 MB/s
36.9% ( 39.5/107.0MB) 鈹溾枅鈻堚枅鈻堚枅鈻堚枅鈻堚枅鈻堚枅鈻堚枅鈻堚枅鈹€鈹€鈹€鈹€鈹€鈹€鈹€鈹€鈹€鈹€鈹€鈹€鈹€鈹€鈹€鈹€鈹€鈹€鈹€鈹€鈹€鈹€鈹€鈹€鈹€鈹1/2]   11 MB/s
37.2% ( 39.8/107.0MB) 鈹溾枅鈻堚枅鈻堚枅鈻堚枅鈻堚枅鈻堚枅鈻堚枅鈻堚枅鈹€鈹€鈹€鈹€鈹€鈹€鈹€鈹€鈹€鈹€鈹€鈹€鈹€鈹€鈹€鈹€鈹€鈹€鈹€鈹€鈹€鈹€鈹€鈹€鈹€鈹1/2]   11 MB/s
37.4% ( 40.0/107.0MB) 鈹溾枅鈻堚枅鈻堚枅鈻堚枅鈻堚枅鈻堚枅鈻堚枅鈻堚枅鈹€鈹€鈹€鈹€鈹€鈹€鈹€鈹€鈹€鈹€鈹€鈹€鈹€鈹€鈹€鈹€鈹€鈹€鈹€鈹€鈹€鈹€鈹€鈹€鈹€鈹1/2]   11 MB/s
37.6% ( 40.2/107.0MB) 鈹溾枅鈻堚枅鈻堚枅鈻堚枅鈻堚枅鈻堚枅鈻堚枅鈻堚枅鈹€鈹€鈹€鈹€鈹€鈹€鈹€鈹€鈹€鈹€鈹€鈹€鈹€鈹€鈹€鈹€鈹€鈹€鈹€鈹€鈹€鈹€鈹€鈹€鈹€鈹1/2]   11 MB/s
37.9% ( 40.5/107.0MB) 鈹溾枅鈻堚枅鈻堚枅鈻堚枅鈻堚枅鈻堚枅鈻堚枅鈻堚枅鈹€鈹€鈹€鈹€鈹€鈹€鈹€鈹€鈹€鈹€鈹€鈹€鈹€鈹€鈹€鈹€鈹€鈹€鈹€鈹€鈹€鈹€鈹€鈹€鈹€鈹1/2]   11 MB/s
38.1% ( 40.8/107.0MB) 鈹溾枅鈻堚枅鈻堚枅鈻堚枅鈻堚枅鈻堚枅鈻堚枅鈻堚枅鈻堚攢鈹€鈹€鈹€鈹€鈹€鈹€鈹€鈹€鈹€鈹€鈹€鈹€鈹€鈹€鈹€鈹€鈹€鈹€鈹€鈹€鈹€鈹€鈹€鈹1/2]   11 MB/s
38.3% ( 41.0/107.0MB) 鈹溾枅鈻堚枅鈻堚枅鈻堚枅鈻堚枅鈻堚枅鈻堚枅鈻堚枅鈻堚攢鈹€鈹€鈹€鈹€鈹€鈹€鈹€鈹€鈹€鈹€鈹€鈹€鈹€鈹€鈹€鈹€鈹€鈹€鈹€鈹€鈹€鈹€鈹€鈹1/2]   11 MB/s
38.6% ( 41.2/107.0MB) 鈹溾枅鈻堚枅鈻堚枅鈻堚枅鈻堚枅鈻堚枅鈻堚枅鈻堚枅鈻堚攢鈹€鈹€鈹€鈹€鈹€鈹€鈹€鈹€鈹€鈹€鈹€鈹€鈹€鈹€鈹€鈹€鈹€鈹€鈹€鈹€鈹€鈹€鈹€鈹1/2]   11 MB/s
38.8% ( 41.5/107.0MB) 鈹溾枅鈻堚枅鈻堚枅鈻堚枅鈻堚枅鈻堚枅鈻堚枅鈻堚枅鈻堚攢鈹€鈹€鈹€鈹€鈹€鈹€鈹€鈹€鈹€鈹€鈹€鈹€鈹€鈹€鈹€鈹€鈹€鈹€鈹€鈹€鈹€鈹€鈹€鈹1/2]   11 MB/s
39.0% ( 41.8/107.0MB) 鈹溾枅鈻堚枅鈻堚枅鈻堚枅鈻堚枅鈻堚枅鈻堚枅鈻堚枅鈻堚攢鈹€鈹€鈹€鈹€鈹€鈹€鈹€鈹€鈹€鈹€鈹€鈹€鈹€鈹€鈹€鈹€鈹€鈹€鈹€鈹€鈹€鈹€鈹€鈹1/2]   11 MB/s
39.3% ( 42.0/107.0MB) 鈹溾枅鈻堚枅鈻堚枅鈻堚枅鈻堚枅鈻堚枅鈻堚枅鈻堚枅鈻堚攢鈹€鈹€鈹€鈹€鈹€鈹€鈹€鈹€鈹€鈹€鈹€鈹€鈹€鈹€鈹€鈹€鈹€鈹€鈹€鈹€鈹€鈹€鈹€鈹1/2]   11 MB/s
39.5% ( 42.2/107.0MB) 鈹溾枅鈻堚枅鈻堚枅鈻堚枅鈻堚枅鈻堚枅鈻堚枅鈻堚枅鈻堚攢鈹€鈹€鈹€鈹€鈹€鈹€鈹€鈹€鈹€鈹€鈹€鈹€鈹€鈹€鈹€鈹€鈹€鈹€鈹€鈹€鈹€鈹€鈹€鈹1/2]   11 MB/s
39.7% ( 42.5/107.0MB) 鈹溾枅鈻堚枅鈻堚枅鈻堚枅鈻堚枅鈻堚枅鈻堚枅鈻堚枅鈻堚攢鈹€鈹€鈹€鈹€鈹€鈹€鈹€鈹€鈹€鈹€鈹€鈹€鈹€鈹€鈹€鈹€鈹€鈹€鈹€鈹€鈹€鈹€鈹€鈹1/2]   11 MB/s
40.0% ( 42.8/107.0MB) 鈹溾枅鈻堚枅鈻堚枅鈻堚枅鈻堚枅鈻堚枅鈻堚枅鈻堚枅鈻堚枅鈹€鈹€鈹€鈹€鈹€鈹€鈹€鈹€鈹€鈹€鈹€鈹€鈹€鈹€鈹€鈹€鈹€鈹€鈹€鈹€鈹€鈹€鈹€鈹1/2]   11 MB/s
40.2% ( 43.0/107.0MB) 鈹溾枅鈻堚枅鈻堚枅鈻堚枅鈻堚枅鈻堚枅鈻堚枅鈻堚枅鈻堚枅鈹€鈹€鈹€鈹€鈹€鈹€鈹€鈹€鈹€鈹€鈹€鈹€鈹€鈹€鈹€鈹€鈹€鈹€鈹€鈹€鈹€鈹€鈹€鈹1/2]   11 MB/s
40.4% ( 43.2/107.0MB) 鈹溾枅鈻堚枅鈻堚枅鈻堚枅鈻堚枅鈻堚枅鈻堚枅鈻堚枅鈻堚枅鈹€鈹€鈹€鈹€鈹€鈹€鈹€鈹€鈹€鈹€鈹€鈹€鈹€鈹€鈹€鈹€鈹€鈹€鈹€鈹€鈹€鈹€鈹€鈹1/2]   11 MB/s
40.7% ( 43.5/107.0MB) 鈹溾枅鈻堚枅鈻堚枅鈻堚枅鈻堚枅鈻堚枅鈻堚枅鈻堚枅鈻堚枅鈹€鈹€鈹€鈹€鈹€鈹€鈹€鈹€鈹€鈹€鈹€鈹€鈹€鈹€鈹€鈹€鈹€鈹€鈹€鈹€鈹€鈹€鈹€鈹1/2]   11 MB/s
40.9% ( 43.8/107.0MB) 鈹溾枅鈻堚枅鈻堚枅鈻堚枅鈻堚枅鈻堚枅鈻堚枅鈻堚枅鈻堚枅鈹€鈹€鈹€鈹€鈹€鈹€鈹€鈹€鈹€鈹€鈹€鈹€鈹€鈹€鈹€鈹€鈹€鈹€鈹€鈹€鈹€鈹€鈹€鈹1/2]   11 MB/s
41.1% ( 44.0/107.0MB) 鈹溾枅鈻堚枅鈻堚枅鈻堚枅鈻堚枅鈻堚枅鈻堚枅鈻堚枅鈻堚枅鈹€鈹€鈹€鈹€鈹€鈹€鈹€鈹€鈹€鈹€鈹€鈹€鈹€鈹€鈹€鈹€鈹€鈹€鈹€鈹€鈹€鈹€鈹€鈹1/2]   11 MB/s
41.4% ( 44.2/107.0MB) 鈹溾枅鈻堚枅鈻堚枅鈻堚枅鈻堚枅鈻堚枅鈻堚枅鈻堚枅鈻堚枅鈹€鈹€鈹€鈹€鈹€鈹€鈹€鈹€鈹€鈹€鈹€鈹€鈹€鈹€鈹€鈹€鈹€鈹€鈹€鈹€鈹€鈹€鈹€鈹1/2]   11 MB/s
41.6% ( 44.5/107.0MB) 鈹溾枅鈻堚枅鈻堚枅鈻堚枅鈻堚枅鈻堚枅鈻堚枅鈻堚枅鈻堚枅鈹€鈹€鈹€鈹€鈹€鈹€鈹€鈹€鈹€鈹€鈹€鈹€鈹€鈹€鈹€鈹€鈹€鈹€鈹€鈹€鈹€鈹€鈹€鈹1/2]   11 MB/s
41.8% ( 44.8/107.0MB) 鈹溾枅鈻堚枅鈻堚枅鈻堚枅鈻堚枅鈻堚枅鈻堚枅鈻堚枅鈻堚枅鈹€鈹€鈹€鈹€鈹€鈹€鈹€鈹€鈹€鈹€鈹€鈹€鈹€鈹€鈹€鈹€鈹€鈹€鈹€鈹€鈹€鈹€鈹€鈹1/2]   11 MB/s
42.1% ( 45.0/107.0MB) 鈹溾枅鈻堚枅鈻堚枅鈻堚枅鈻堚枅鈻堚枅鈻堚枅鈻堚枅鈻堚枅鈹€鈹€鈹€鈹€鈹€鈹€鈹€鈹€鈹€鈹€鈹€鈹€鈹€鈹€鈹€鈹€鈹€鈹€鈹€鈹€鈹€鈹€鈹€鈹1/2]   11 MB/s
42.3% ( 45.2/107.0MB) 鈹溾枅鈻堚枅鈻堚枅鈻堚枅鈻堚枅鈻堚枅鈻堚枅鈻堚枅鈻堚枅鈹€鈹€鈹€鈹€鈹€鈹€鈹€鈹€鈹€鈹€鈹€鈹€鈹€鈹€鈹€鈹€鈹€鈹€鈹€鈹€鈹€鈹€鈹€鈹1/2]   11 MB/s
42.5% ( 45.5/107.0MB) 鈹溾枅鈻堚枅鈻堚枅鈻堚枅鈻堚枅鈻堚枅鈻堚枅鈻堚枅鈻堚枅鈹€鈹€鈹€鈹€鈹€鈹€鈹€鈹€鈹€鈹€鈹€鈹€鈹€鈹€鈹€鈹€鈹€鈹€鈹€鈹€鈹€鈹€鈹€鈹1/2]   11 MB/s
42.8% ( 45.8/107.0MB) 鈹溾枅鈻堚枅鈻堚枅鈻堚枅鈻堚枅鈻堚枅鈻堚枅鈻堚枅鈻堚枅鈹€鈹€鈹€鈹€鈹€鈹€鈹€鈹€鈹€鈹€鈹€鈹€鈹€鈹€鈹€鈹€鈹€鈹€鈹€鈹€鈹€鈹€鈹€鈹1/2]   11 MB/s
43.0% ( 46.0/107.0MB) 鈹溾枅鈻堚枅鈻堚枅鈻堚枅鈻堚枅鈻堚枅鈻堚枅鈻堚枅鈻堚枅鈻堚攢鈹€鈹€鈹€鈹€鈹€鈹€鈹€鈹€鈹€鈹€鈹€鈹€鈹€鈹€鈹€鈹€鈹€鈹€鈹€鈹€鈹€鈹1/2]   11 MB/s
43.2% ( 46.2/107.0MB) 鈹溾枅鈻堚枅鈻堚枅鈻堚枅鈻堚枅鈻堚枅鈻堚枅鈻堚枅鈻堚枅鈻堚攢鈹€鈹€鈹€鈹€鈹€鈹€鈹€鈹€鈹€鈹€鈹€鈹€鈹€鈹€鈹€鈹€鈹€鈹€鈹€鈹€鈹€鈹1/2]   11 MB/s
43.5% ( 46.5/107.0MB) 鈹溾枅鈻堚枅鈻堚枅鈻堚枅鈻堚枅鈻堚枅鈻堚枅鈻堚枅鈻堚枅鈻堚攢鈹€鈹€鈹€鈹€鈹€鈹€鈹€鈹€鈹€鈹€鈹€鈹€鈹€鈹€鈹€鈹€鈹€鈹€鈹€鈹€鈹€鈹1/2]   11 MB/s
43.7% ( 46.8/107.0MB) 鈹溾枅鈻堚枅鈻堚枅鈻堚枅鈻堚枅鈻堚枅鈻堚枅鈻堚枅鈻堚枅鈻堚攢鈹€鈹€鈹€鈹€鈹€鈹€鈹€鈹€鈹€鈹€鈹€鈹€鈹€鈹€鈹€鈹€鈹€鈹€鈹€鈹€鈹€鈹1/2]   11 MB/s
43.9% ( 47.0/107.0MB) 鈹溾枅鈻堚枅鈻堚枅鈻堚枅鈻堚枅鈻堚枅鈻堚枅鈻堚枅鈻堚枅鈻堚攢鈹€鈹€鈹€鈹€鈹€鈹€鈹€鈹€鈹€鈹€鈹€鈹€鈹€鈹€鈹€鈹€鈹€鈹€鈹€鈹€鈹€鈹1/2]   11 MB/s
44.2% ( 47.2/107.0MB) 鈹溾枅鈻堚枅鈻堚枅鈻堚枅鈻堚枅鈻堚枅鈻堚枅鈻堚枅鈻堚枅鈻堚攢鈹€鈹€鈹€鈹€鈹€鈹€鈹€鈹€鈹€鈹€鈹€鈹€鈹€鈹€鈹€鈹€鈹€鈹€鈹€鈹€鈹€鈹1/2]   11 MB/s
44.4% ( 47.5/107.0MB) 鈹溾枅鈻堚枅鈻堚枅鈻堚枅鈻堚枅鈻堚枅鈻堚枅鈻堚枅鈻堚枅鈻堚攢鈹€鈹€鈹€鈹€鈹€鈹€鈹€鈹€鈹€鈹€鈹€鈹€鈹€鈹€鈹€鈹€鈹€鈹€鈹€鈹€鈹€鈹1/2]   11 MB/s
44.6% ( 47.8/107.0MB) 鈹溾枅鈻堚枅鈻堚枅鈻堚枅鈻堚枅鈻堚枅鈻堚枅鈻堚枅鈻堚枅鈻堚攢鈹€鈹€鈹€鈹€鈹€鈹€鈹€鈹€鈹€鈹€鈹€鈹€鈹€鈹€鈹€鈹€鈹€鈹€鈹€鈹€鈹€鈹1/2]   11 MB/s
44.9% ( 48.0/107.0MB) 鈹溾枅鈻堚枅鈻堚枅鈻堚枅鈻堚枅鈻堚枅鈻堚枅鈻堚枅鈻堚枅鈻堚攢鈹€鈹€鈹€鈹€鈹€鈹€鈹€鈹€鈹€鈹€鈹€鈹€鈹€鈹€鈹€鈹€鈹€鈹€鈹€鈹€鈹€鈹1/2]   11 MB/s
45.1% ( 48.2/107.0MB) 鈹溾枅鈻堚枅鈻堚枅鈻堚枅鈻堚枅鈻堚枅鈻堚枅鈻堚枅鈻堚枅鈻堚枅鈹€鈹€鈹€鈹€鈹€鈹€鈹€鈹€鈹€鈹€鈹€鈹€鈹€鈹€鈹€鈹€鈹€鈹€鈹€鈹€鈹€鈹1/2]   11 MB/s
45.3% ( 48.5/107.0MB) 鈹溾枅鈻堚枅鈻堚枅鈻堚枅鈻堚枅鈻堚枅鈻堚枅鈻堚枅鈻堚枅鈻堚枅鈹€鈹€鈹€鈹€鈹€鈹€鈹€鈹€鈹€鈹€鈹€鈹€鈹€鈹€鈹€鈹€鈹€鈹€鈹€鈹€鈹€鈹1/2]   11 MB/s
45.6% ( 48.8/107.0MB) 鈹溾枅鈻堚枅鈻堚枅鈻堚枅鈻堚枅鈻堚枅鈻堚枅鈻堚枅鈻堚枅鈻堚枅鈹€鈹€鈹€鈹€鈹€鈹€鈹€鈹€鈹€鈹€鈹€鈹€鈹€鈹€鈹€鈹€鈹€鈹€鈹€鈹€鈹€鈹1/2]   11 MB/s
45.8% ( 49.0/107.0MB) 鈹溾枅鈻堚枅鈻堚枅鈻堚枅鈻堚枅鈻堚枅鈻堚枅鈻堚枅鈻堚枅鈻堚枅鈹€鈹€鈹€鈹€鈹€鈹€鈹€鈹€鈹€鈹€鈹€鈹€鈹€鈹€鈹€鈹€鈹€鈹€鈹€鈹€鈹€鈹1/2]   11 MB/s
46.0% ( 49.2/107.0MB) 鈹溾枅鈻堚枅鈻堚枅鈻堚枅鈻堚枅鈻堚枅鈻堚枅鈻堚枅鈻堚枅鈻堚枅鈹€鈹€鈹€鈹€鈹€鈹€鈹€鈹€鈹€鈹€鈹€鈹€鈹€鈹€鈹€鈹€鈹€鈹€鈹€鈹€鈹€鈹1/2]   11 MB/s
46.3% ( 49.5/107.0MB) 鈹溾枅鈻堚枅鈻堚枅鈻堚枅鈻堚枅鈻堚枅鈻堚枅鈻堚枅鈻堚枅鈻堚枅鈹€鈹€鈹€鈹€鈹€鈹€鈹€鈹€鈹€鈹€鈹€鈹€鈹€鈹€鈹€鈹€鈹€鈹€鈹€鈹€鈹€鈹1/2]   11 MB/s
46.5% ( 49.8/107.0MB) 鈹溾枅鈻堚枅鈻堚枅鈻堚枅鈻堚枅鈻堚枅鈻堚枅鈻堚枅鈻堚枅鈻堚枅鈹€鈹€鈹€鈹€鈹€鈹€鈹€鈹€鈹€鈹€鈹€鈹€鈹€鈹€鈹€鈹€鈹€鈹€鈹€鈹€鈹€鈹1/2]   11 MB/s
46.7% ( 50.0/107.0MB) 鈹溾枅鈻堚枅鈻堚枅鈻堚枅鈻堚枅鈻堚枅鈻堚枅鈻堚枅鈻堚枅鈻堚枅鈹€鈹€鈹€鈹€鈹€鈹€鈹€鈹€鈹€鈹€鈹€鈹€鈹€鈹€鈹€鈹€鈹€鈹€鈹€鈹€鈹€鈹1/2]   11 MB/s
47.0% ( 50.2/107.0MB) 鈹溾枅鈻堚枅鈻堚枅鈻堚枅鈻堚枅鈻堚枅鈻堚枅鈻堚枅鈻堚枅鈻堚枅鈹€鈹€鈹€鈹€鈹€鈹€鈹€鈹€鈹€鈹€鈹€鈹€鈹€鈹€鈹€鈹€鈹€鈹€鈹€鈹€鈹€鈹1/2]   11 MB/s
47.2% ( 50.5/107.0MB) 鈹溾枅鈻堚枅鈻堚枅鈻堚枅鈻堚枅鈻堚枅鈻堚枅鈻堚枅鈻堚枅鈻堚枅鈹€鈹€鈹€鈹€鈹€鈹€鈹€鈹€鈹€鈹€鈹€鈹€鈹€鈹€鈹€鈹€鈹€鈹€鈹€鈹€鈹€鈹1/2]   11 MB/s
47.4% ( 50.8/107.0MB) 鈹溾枅鈻堚枅鈻堚枅鈻堚枅鈻堚枅鈻堚枅鈻堚枅鈻堚枅鈻堚枅鈻堚枅鈹€鈹€鈹€鈹€鈹€鈹€鈹€鈹€鈹€鈹€鈹€鈹€鈹€鈹€鈹€鈹€鈹€鈹€鈹€鈹€鈹€鈹1/2]   11 MB/s
47.7% ( 51.0/107.0MB) 鈹溾枅鈻堚枅鈻堚枅鈻堚枅鈻堚枅鈻堚枅鈻堚枅鈻堚枅鈻堚枅鈻堚枅鈹€鈹€鈹€鈹€鈹€鈹€鈹€鈹€鈹€鈹€鈹€鈹€鈹€鈹€鈹€鈹€鈹€鈹€鈹€鈹€鈹€鈹1/2]   11 MB/s
47.9% ( 51.2/107.0MB) 鈹溾枅鈻堚枅鈻堚枅鈻堚枅鈻堚枅鈻堚枅鈻堚枅鈻堚枅鈻堚枅鈻堚枅鈹€鈹€鈹€鈹€鈹€鈹€鈹€鈹€鈹€鈹€鈹€鈹€鈹€鈹€鈹€鈹€鈹€鈹€鈹€鈹€鈹€鈹1/2]   11 MB/s
48.1% ( 51.5/107.0MB) 鈹溾枅鈻堚枅鈻堚枅鈻堚枅鈻堚枅鈻堚枅鈻堚枅鈻堚枅鈻堚枅鈻堚枅鈻堚攢鈹€鈹€鈹€鈹€鈹€鈹€鈹€鈹€鈹€鈹€鈹€鈹€鈹€鈹€鈹€鈹€鈹€鈹€鈹€鈹1/2]   11 MB/s
48.4% ( 51.8/107.0MB) 鈹溾枅鈻堚枅鈻堚枅鈻堚枅鈻堚枅鈻堚枅鈻堚枅鈻堚枅鈻堚枅鈻堚枅鈻堚攢鈹€鈹€鈹€鈹€鈹€鈹€鈹€鈹€鈹€鈹€鈹€鈹€鈹€鈹€鈹€鈹€鈹€鈹€鈹€鈹1/2]   11 MB/s
48.6% ( 52.0/107.0MB) 鈹溾枅鈻堚枅鈻堚枅鈻堚枅鈻堚枅鈻堚枅鈻堚枅鈻堚枅鈻堚枅鈻堚枅鈻堚攢鈹€鈹€鈹€鈹€鈹€鈹€鈹€鈹€鈹€鈹€鈹€鈹€鈹€鈹€鈹€鈹€鈹€鈹€鈹€鈹1/2]   11 MB/s
48.8% ( 52.2/107.0MB) 鈹溾枅鈻堚枅鈻堚枅鈻堚枅鈻堚枅鈻堚枅鈻堚枅鈻堚枅鈻堚枅鈻堚枅鈻堚攢鈹€鈹€鈹€鈹€鈹€鈹€鈹€鈹€鈹€鈹€鈹€鈹€鈹€鈹€鈹€鈹€鈹€鈹€鈹€鈹1/2]   11 MB/s
49.1% ( 52.5/107.0MB) 鈹溾枅鈻堚枅鈻堚枅鈻堚枅鈻堚枅鈻堚枅鈻堚枅鈻堚枅鈻堚枅鈻堚枅鈻堚攢鈹€鈹€鈹€鈹€鈹€鈹€鈹€鈹€鈹€鈹€鈹€鈹€鈹€鈹€鈹€鈹€鈹€鈹€鈹€鈹1/2]   11 MB/s
49.3% ( 52.8/107.0MB) 鈹溾枅鈻堚枅鈻堚枅鈻堚枅鈻堚枅鈻堚枅鈻堚枅鈻堚枅鈻堚枅鈻堚枅鈻堚攢鈹€鈹€鈹€鈹€鈹€鈹€鈹€鈹€鈹€鈹€鈹€鈹€鈹€鈹€鈹€鈹€鈹€鈹€鈹€鈹1/2]   11 MB/s
49.5% ( 53.0/107.0MB) 鈹溾枅鈻堚枅鈻堚枅鈻堚枅鈻堚枅鈻堚枅鈻堚枅鈻堚枅鈻堚枅鈻堚枅鈻堚攢鈹€鈹€鈹€鈹€鈹€鈹€鈹€鈹€鈹€鈹€鈹€鈹€鈹€鈹€鈹€鈹€鈹€鈹€鈹€鈹1/2]   11 MB/s
49.8% ( 53.2/107.0MB) 鈹溾枅鈻堚枅鈻堚枅鈻堚枅鈻堚枅鈻堚枅鈻堚枅鈻堚枅鈻堚枅鈻堚枅鈻堚攢鈹€鈹€鈹€鈹€鈹€鈹€鈹€鈹€鈹€鈹€鈹€鈹€鈹€鈹€鈹€鈹€鈹€鈹€鈹€鈹1/2]   11 MB/s
50.0% ( 53.5/107.0MB) 鈹溾枅鈻堚枅鈻堚枅鈻堚枅鈻堚枅鈻堚枅鈻堚枅鈻堚枅鈻堚枅鈻堚枅鈻堚枅鈹€鈹€鈹€鈹€鈹€鈹€鈹€鈹€鈹€鈹€鈹€鈹€鈹€鈹€鈹€鈹€鈹€鈹€鈹€鈹1/2]   11 MB/s
50.2% ( 53.8/107.0MB) 鈹溾枅鈻堚枅鈻堚枅鈻堚枅鈻堚枅鈻堚枅鈻堚枅鈻堚枅鈻堚枅鈻堚枅鈻堚枅鈹€鈹€鈹€鈹€鈹€鈹€鈹€鈹€鈹€鈹€鈹€鈹€鈹€鈹€鈹€鈹€鈹€鈹€鈹€鈹1/2]   11 MB/s
50.5% ( 54.0/107.0MB) 鈹溾枅鈻堚枅鈻堚枅鈻堚枅鈻堚枅鈻堚枅鈻堚枅鈻堚枅鈻堚枅鈻堚枅鈻堚枅鈹€鈹€鈹€鈹€鈹€鈹€鈹€鈹€鈹€鈹€鈹€鈹€鈹€鈹€鈹€鈹€鈹€鈹€鈹€鈹1/2]   11 MB/s
50.7% ( 54.2/107.0MB) 鈹溾枅鈻堚枅鈻堚枅鈻堚枅鈻堚枅鈻堚枅鈻堚枅鈻堚枅鈻堚枅鈻堚枅鈻堚枅鈹€鈹€鈹€鈹€鈹€鈹€鈹€鈹€鈹€鈹€鈹€鈹€鈹€鈹€鈹€鈹€鈹€鈹€鈹€鈹1/2]   11 MB/s
50.9% ( 54.5/107.0MB) 鈹溾枅鈻堚枅鈻堚枅鈻堚枅鈻堚枅鈻堚枅鈻堚枅鈻堚枅鈻堚枅鈻堚枅鈻堚枅鈹€鈹€鈹€鈹€鈹€鈹€鈹€鈹€鈹€鈹€鈹€鈹€鈹€鈹€鈹€鈹€鈹€鈹€鈹€鈹1/2]   11 MB/s
51.2% ( 54.8/107.0MB) 鈹溾枅鈻堚枅鈻堚枅鈻堚枅鈻堚枅鈻堚枅鈻堚枅鈻堚枅鈻堚枅鈻堚枅鈻堚枅鈹€鈹€鈹€鈹€鈹€鈹€鈹€鈹€鈹€鈹€鈹€鈹€鈹€鈹€鈹€鈹€鈹€鈹€鈹€鈹1/2]   11 MB/s
51.4% ( 55.0/107.0MB) 鈹溾枅鈻堚枅鈻堚枅鈻堚枅鈻堚枅鈻堚枅鈻堚枅鈻堚枅鈻堚枅鈻堚枅鈻堚枅鈹€鈹€鈹€鈹€鈹€鈹€鈹€鈹€鈹€鈹€鈹€鈹€鈹€鈹€鈹€鈹€鈹€鈹€鈹€鈹1/2]   11 MB/s
51.6% ( 55.2/107.0MB) 鈹溾枅鈻堚枅鈻堚枅鈻堚枅鈻堚枅鈻堚枅鈻堚枅鈻堚枅鈻堚枅鈻堚枅鈻堚枅鈹€鈹€鈹€鈹€鈹€鈹€鈹€鈹€鈹€鈹€鈹€鈹€鈹€鈹€鈹€鈹€鈹€鈹€鈹€鈹1/2]   11 MB/s
51.9% ( 55.5/107.0MB) 鈹溾枅鈻堚枅鈻堚枅鈻堚枅鈻堚枅鈻堚枅鈻堚枅鈻堚枅鈻堚枅鈻堚枅鈻堚枅鈹€鈹€鈹€鈹€鈹€鈹€鈹€鈹€鈹€鈹€鈹€鈹€鈹€鈹€鈹€鈹€鈹€鈹€鈹€鈹1/2]   11 MB/s
52.1% ( 55.8/107.0MB) 鈹溾枅鈻堚枅鈻堚枅鈻堚枅鈻堚枅鈻堚枅鈻堚枅鈻堚枅鈻堚枅鈻堚枅鈻堚枅鈹€鈹€鈹€鈹€鈹€鈹€鈹€鈹€鈹€鈹€鈹€鈹€鈹€鈹€鈹€鈹€鈹€鈹€鈹€鈹1/2]   11 MB/s
52.3% ( 56.0/107.0MB) 鈹溾枅鈻堚枅鈻堚枅鈻堚枅鈻堚枅鈻堚枅鈻堚枅鈻堚枅鈻堚枅鈻堚枅鈻堚枅鈹€鈹€鈹€鈹€鈹€鈹€鈹€鈹€鈹€鈹€鈹€鈹€鈹€鈹€鈹€鈹€鈹€鈹€鈹€鈹1/2]   11 MB/s
52.6% ( 56.2/107.0MB) 鈹溾枅鈻堚枅鈻堚枅鈻堚枅鈻堚枅鈻堚枅鈻堚枅鈻堚枅鈻堚枅鈻堚枅鈻堚枅鈹€鈹€鈹€鈹€鈹€鈹€鈹€鈹€鈹€鈹€鈹€鈹€鈹€鈹€鈹€鈹€鈹€鈹€鈹€鈹1/2]   11 MB/s
52.8% ( 56.5/107.0MB) 鈹溾枅鈻堚枅鈻堚枅鈻堚枅鈻堚枅鈻堚枅鈻堚枅鈻堚枅鈻堚枅鈻堚枅鈻堚枅鈹€鈹€鈹€鈹€鈹€鈹€鈹€鈹€鈹€鈹€鈹€鈹€鈹€鈹€鈹€鈹€鈹€鈹€鈹€鈹1/2]   11 MB/s
53.0% ( 56.8/107.0MB) 鈹溾枅鈻堚枅鈻堚枅鈻堚枅鈻堚枅鈻堚枅鈻堚枅鈻堚枅鈻堚枅鈻堚枅鈻堚枅鈻堚攢鈹€鈹€鈹€鈹€鈹€鈹€鈹€鈹€鈹€鈹€鈹€鈹€鈹€鈹€鈹€鈹€鈹€鈹1/2]   11 MB/s
53.3% ( 57.0/107.0MB) 鈹溾枅鈻堚枅鈻堚枅鈻堚枅鈻堚枅鈻堚枅鈻堚枅鈻堚枅鈻堚枅鈻堚枅鈻堚枅鈻堚攢鈹€鈹€鈹€鈹€鈹€鈹€鈹€鈹€鈹€鈹€鈹€鈹€鈹€鈹€鈹€鈹€鈹€鈹1/2]   11 MB/s
53.5% ( 57.2/107.0MB) 鈹溾枅鈻堚枅鈻堚枅鈻堚枅鈻堚枅鈻堚枅鈻堚枅鈻堚枅鈻堚枅鈻堚枅鈻堚枅鈻堚攢鈹€鈹€鈹€鈹€鈹€鈹€鈹€鈹€鈹€鈹€鈹€鈹€鈹€鈹€鈹€鈹€鈹€鈹1/2]   11 MB/s
53.8% ( 57.5/107.0MB) 鈹溾枅鈻堚枅鈻堚枅鈻堚枅鈻堚枅鈻堚枅鈻堚枅鈻堚枅鈻堚枅鈻堚枅鈻堚枅鈻堚攢鈹€鈹€鈹€鈹€鈹€鈹€鈹€鈹€鈹€鈹€鈹€鈹€鈹€鈹€鈹€鈹€鈹€鈹1/2]   11 MB/s
54.0% ( 57.8/107.0MB) 鈹溾枅鈻堚枅鈻堚枅鈻堚枅鈻堚枅鈻堚枅鈻堚枅鈻堚枅鈻堚枅鈻堚枅鈻堚枅鈻堚攢鈹€鈹€鈹€鈹€鈹€鈹€鈹€鈹€鈹€鈹€鈹€鈹€鈹€鈹€鈹€鈹€鈹€鈹1/2]   11 MB/s
54.2% ( 58.0/107.0MB) 鈹溾枅鈻堚枅鈻堚枅鈻堚枅鈻堚枅鈻堚枅鈻堚枅鈻堚枅鈻堚枅鈻堚枅鈻堚枅鈻堚攢鈹€鈹€鈹€鈹€鈹€鈹€鈹€鈹€鈹€鈹€鈹€鈹€鈹€鈹€鈹€鈹€鈹€鈹1/2]   11 MB/s
54.5% ( 58.2/107.0MB) 鈹溾枅鈻堚枅鈻堚枅鈻堚枅鈻堚枅鈻堚枅鈻堚枅鈻堚枅鈻堚枅鈻堚枅鈻堚枅鈻堚攢鈹€鈹€鈹€鈹€鈹€鈹€鈹€鈹€鈹€鈹€鈹€鈹€鈹€鈹€鈹€鈹€鈹€鈹1/2]   11 MB/s
54.7% ( 58.5/107.0MB) 鈹溾枅鈻堚枅鈻堚枅鈻堚枅鈻堚枅鈻堚枅鈻堚枅鈻堚枅鈻堚枅鈻堚枅鈻堚枅鈻堚攢鈹€鈹€鈹€鈹€鈹€鈹€鈹€鈹€鈹€鈹€鈹€鈹€鈹€鈹€鈹€鈹€鈹€鈹1/2]   11 MB/s
54.9% ( 58.8/107.0MB) 鈹溾枅鈻堚枅鈻堚枅鈻堚枅鈻堚枅鈻堚枅鈻堚枅鈻堚枅鈻堚枅鈻堚枅鈻堚枅鈻堚攢鈹€鈹€鈹€鈹€鈹€鈹€鈹€鈹€鈹€鈹€鈹€鈹€鈹€鈹€鈹€鈹€鈹€鈹1/2]   11 MB/s
55.2% ( 59.0/107.0MB) 鈹溾枅鈻堚枅鈻堚枅鈻堚枅鈻堚枅鈻堚枅鈻堚枅鈻堚枅鈻堚枅鈻堚枅鈻堚枅鈻堚枅鈹€鈹€鈹€鈹€鈹€鈹€鈹€鈹€鈹€鈹€鈹€鈹€鈹€鈹€鈹€鈹€鈹€鈹1/2]   11 MB/s
55.4% ( 59.2/107.0MB) 鈹溾枅鈻堚枅鈻堚枅鈻堚枅鈻堚枅鈻堚枅鈻堚枅鈻堚枅鈻堚枅鈻堚枅鈻堚枅鈻堚枅鈹€鈹€鈹€鈹€鈹€鈹€鈹€鈹€鈹€鈹€鈹€鈹€鈹€鈹€鈹€鈹€鈹€鈹1/2]   11 MB/s
55.6% ( 59.5/107.0MB) 鈹溾枅鈻堚枅鈻堚枅鈻堚枅鈻堚枅鈻堚枅鈻堚枅鈻堚枅鈻堚枅鈻堚枅鈻堚枅鈻堚枅鈹€鈹€鈹€鈹€鈹€鈹€鈹€鈹€鈹€鈹€鈹€鈹€鈹€鈹€鈹€鈹€鈹€鈹1/2]   11 MB/s
55.9% ( 59.8/107.0MB) 鈹溾枅鈻堚枅鈻堚枅鈻堚枅鈻堚枅鈻堚枅鈻堚枅鈻堚枅鈻堚枅鈻堚枅鈻堚枅鈻堚枅鈹€鈹€鈹€鈹€鈹€鈹€鈹€鈹€鈹€鈹€鈹€鈹€鈹€鈹€鈹€鈹€鈹€鈹1/2]   11 MB/s
56.1% ( 60.0/107.0MB) 鈹溾枅鈻堚枅鈻堚枅鈻堚枅鈻堚枅鈻堚枅鈻堚枅鈻堚枅鈻堚枅鈻堚枅鈻堚枅鈻堚枅鈹€鈹€鈹€鈹€鈹€鈹€鈹€鈹€鈹€鈹€鈹€鈹€鈹€鈹€鈹€鈹€鈹€鈹1/2]   11 MB/s
56.3% ( 60.2/107.0MB) 鈹溾枅鈻堚枅鈻堚枅鈻堚枅鈻堚枅鈻堚枅鈻堚枅鈻堚枅鈻堚枅鈻堚枅鈻堚枅鈻堚枅鈹€鈹€鈹€鈹€鈹€鈹€鈹€鈹€鈹€鈹€鈹€鈹€鈹€鈹€鈹€鈹€鈹€鈹1/2]   11 MB/s
56.6% ( 60.5/107.0MB) 鈹溾枅鈻堚枅鈻堚枅鈻堚枅鈻堚枅鈻堚枅鈻堚枅鈻堚枅鈻堚枅鈻堚枅鈻堚枅鈻堚枅鈹€鈹€鈹€鈹€鈹€鈹€鈹€鈹€鈹€鈹€鈹€鈹€鈹€鈹€鈹€鈹€鈹€鈹1/2]   11 MB/s
56.8% ( 60.8/107.0MB) 鈹溾枅鈻堚枅鈻堚枅鈻堚枅鈻堚枅鈻堚枅鈻堚枅鈻堚枅鈻堚枅鈻堚枅鈻堚枅鈻堚枅鈹€鈹€鈹€鈹€鈹€鈹€鈹€鈹€鈹€鈹€鈹€鈹€鈹€鈹€鈹€鈹€鈹€鈹1/2]   11 MB/s
57.0% ( 61.0/107.0MB) 鈹溾枅鈻堚枅鈻堚枅鈻堚枅鈻堚枅鈻堚枅鈻堚枅鈻堚枅鈻堚枅鈻堚枅鈻堚枅鈻堚枅鈹€鈹€鈹€鈹€鈹€鈹€鈹€鈹€鈹€鈹€鈹€鈹€鈹€鈹€鈹€鈹€鈹€鈹1/2]   11 MB/s
57.3% ( 61.2/107.0MB) 鈹溾枅鈻堚枅鈻堚枅鈻堚枅鈻堚枅鈻堚枅鈻堚枅鈻堚枅鈻堚枅鈻堚枅鈻堚枅鈻堚枅鈹€鈹€鈹€鈹€鈹€鈹€鈹€鈹€鈹€鈹€鈹€鈹€鈹€鈹€鈹€鈹€鈹€鈹1/2]   11 MB/s
57.5% ( 61.5/107.0MB) 鈹溾枅鈻堚枅鈻堚枅鈻堚枅鈻堚枅鈻堚枅鈻堚枅鈻堚枅鈻堚枅鈻堚枅鈻堚枅鈻堚枅鈹€鈹€鈹€鈹€鈹€鈹€鈹€鈹€鈹€鈹€鈹€鈹€鈹€鈹€鈹€鈹€鈹€鈹1/2]   11 MB/s
57.7% ( 61.8/107.0MB) 鈹溾枅鈻堚枅鈻堚枅鈻堚枅鈻堚枅鈻堚枅鈻堚枅鈻堚枅鈻堚枅鈻堚枅鈻堚枅鈻堚枅鈹€鈹€鈹€鈹€鈹€鈹€鈹€鈹€鈹€鈹€鈹€鈹€鈹€鈹€鈹€鈹€鈹€鈹1/2]   11 MB/s
58.0% ( 62.0/107.0MB) 鈹溾枅鈻堚枅鈻堚枅鈻堚枅鈻堚枅鈻堚枅鈻堚枅鈻堚枅鈻堚枅鈻堚枅鈻堚枅鈻堚枅鈻堚攢鈹€鈹€鈹€鈹€鈹€鈹€鈹€鈹€鈹€鈹€鈹€鈹€鈹€鈹€鈹€鈹1/2]   11 MB/s
58.2% ( 62.2/107.0MB) 鈹溾枅鈻堚枅鈻堚枅鈻堚枅鈻堚枅鈻堚枅鈻堚枅鈻堚枅鈻堚枅鈻堚枅鈻堚枅鈻堚枅鈻堚攢鈹€鈹€鈹€鈹€鈹€鈹€鈹€鈹€鈹€鈹€鈹€鈹€鈹€鈹€鈹€鈹1/2]   11 MB/s
58.4% ( 62.5/107.0MB) 鈹溾枅鈻堚枅鈻堚枅鈻堚枅鈻堚枅鈻堚枅鈻堚枅鈻堚枅鈻堚枅鈻堚枅鈻堚枅鈻堚枅鈻堚攢鈹€鈹€鈹€鈹€鈹€鈹€鈹€鈹€鈹€鈹€鈹€鈹€鈹€鈹€鈹€鈹1/2]   11 MB/s
58.7% ( 62.8/107.0MB) 鈹溾枅鈻堚枅鈻堚枅鈻堚枅鈻堚枅鈻堚枅鈻堚枅鈻堚枅鈻堚枅鈻堚枅鈻堚枅鈻堚枅鈻堚攢鈹€鈹€鈹€鈹€鈹€鈹€鈹€鈹€鈹€鈹€鈹€鈹€鈹€鈹€鈹€鈹1/2]   11 MB/s
58.9% ( 63.0/107.0MB) 鈹溾枅鈻堚枅鈻堚枅鈻堚枅鈻堚枅鈻堚枅鈻堚枅鈻堚枅鈻堚枅鈻堚枅鈻堚枅鈻堚枅鈻堚攢鈹€鈹€鈹€鈹€鈹€鈹€鈹€鈹€鈹€鈹€鈹€鈹€鈹€鈹€鈹€鈹1/2]   11 MB/s
59.1% ( 63.2/107.0MB) 鈹溾枅鈻堚枅鈻堚枅鈻堚枅鈻堚枅鈻堚枅鈻堚枅鈻堚枅鈻堚枅鈻堚枅鈻堚枅鈻堚枅鈻堚攢鈹€鈹€鈹€鈹€鈹€鈹€鈹€鈹€鈹€鈹€鈹€鈹€鈹€鈹€鈹€鈹1/2]   11 MB/s
59.4% ( 63.5/107.0MB) 鈹溾枅鈻堚枅鈻堚枅鈻堚枅鈻堚枅鈻堚枅鈻堚枅鈻堚枅鈻堚枅鈻堚枅鈻堚枅鈻堚枅鈻堚攢鈹€鈹€鈹€鈹€鈹€鈹€鈹€鈹€鈹€鈹€鈹€鈹€鈹€鈹€鈹€鈹1/2]   11 MB/s
59.6% ( 63.8/107.0MB) 鈹溾枅鈻堚枅鈻堚枅鈻堚枅鈻堚枅鈻堚枅鈻堚枅鈻堚枅鈻堚枅鈻堚枅鈻堚枅鈻堚枅鈻堚攢鈹€鈹€鈹€鈹€鈹€鈹€鈹€鈹€鈹€鈹€鈹€鈹€鈹€鈹€鈹€鈹1/2]   11 MB/s
59.8% ( 64.0/107.0MB) 鈹溾枅鈻堚枅鈻堚枅鈻堚枅鈻堚枅鈻堚枅鈻堚枅鈻堚枅鈻堚枅鈻堚枅鈻堚枅鈻堚枅鈻堚攢鈹€鈹€鈹€鈹€鈹€鈹€鈹€鈹€鈹€鈹€鈹€鈹€鈹€鈹€鈹€鈹1/2]   11 MB/s
60.1% ( 64.2/107.0MB) 鈹溾枅鈻堚枅鈻堚枅鈻堚枅鈻堚枅鈻堚枅鈻堚枅鈻堚枅鈻堚枅鈻堚枅鈻堚枅鈻堚枅鈻堚枅鈹€鈹€鈹€鈹€鈹€鈹€鈹€鈹€鈹€鈹€鈹€鈹€鈹€鈹€鈹€鈹1/2]   11 MB/s
60.3% ( 64.5/107.0MB) 鈹溾枅鈻堚枅鈻堚枅鈻堚枅鈻堚枅鈻堚枅鈻堚枅鈻堚枅鈻堚枅鈻堚枅鈻堚枅鈻堚枅鈻堚枅鈹€鈹€鈹€鈹€鈹€鈹€鈹€鈹€鈹€鈹€鈹€鈹€鈹€鈹€鈹€鈹1/2]   11 MB/s
60.5% ( 64.8/107.0MB) 鈹溾枅鈻堚枅鈻堚枅鈻堚枅鈻堚枅鈻堚枅鈻堚枅鈻堚枅鈻堚枅鈻堚枅鈻堚枅鈻堚枅鈻堚枅鈹€鈹€鈹€鈹€鈹€鈹€鈹€鈹€鈹€鈹€鈹€鈹€鈹€鈹€鈹€鈹1/2]   11 MB/s
60.8% ( 65.0/107.0MB) 鈹溾枅鈻堚枅鈻堚枅鈻堚枅鈻堚枅鈻堚枅鈻堚枅鈻堚枅鈻堚枅鈻堚枅鈻堚枅鈻堚枅鈻堚枅鈹€鈹€鈹€鈹€鈹€鈹€鈹€鈹€鈹€鈹€鈹€鈹€鈹€鈹€鈹€鈹1/2]   11 MB/s
61.0% ( 65.2/107.0MB) 鈹溾枅鈻堚枅鈻堚枅鈻堚枅鈻堚枅鈻堚枅鈻堚枅鈻堚枅鈻堚枅鈻堚枅鈻堚枅鈻堚枅鈻堚枅鈹€鈹€鈹€鈹€鈹€鈹€鈹€鈹€鈹€鈹€鈹€鈹€鈹€鈹€鈹€鈹1/2]   11 MB/s
61.2% ( 65.5/107.0MB) 鈹溾枅鈻堚枅鈻堚枅鈻堚枅鈻堚枅鈻堚枅鈻堚枅鈻堚枅鈻堚枅鈻堚枅鈻堚枅鈻堚枅鈻堚枅鈹€鈹€鈹€鈹€鈹€鈹€鈹€鈹€鈹€鈹€鈹€鈹€鈹€鈹€鈹€鈹1/2]   11 MB/s
61.5% ( 65.8/107.0MB) 鈹溾枅鈻堚枅鈻堚枅鈻堚枅鈻堚枅鈻堚枅鈻堚枅鈻堚枅鈻堚枅鈻堚枅鈻堚枅鈻堚枅鈻堚枅鈹€鈹€鈹€鈹€鈹€鈹€鈹€鈹€鈹€鈹€鈹€鈹€鈹€鈹€鈹€鈹1/2]   11 MB/s
61.7% ( 66.0/107.0MB) 鈹溾枅鈻堚枅鈻堚枅鈻堚枅鈻堚枅鈻堚枅鈻堚枅鈻堚枅鈻堚枅鈻堚枅鈻堚枅鈻堚枅鈻堚枅鈹€鈹€鈹€鈹€鈹€鈹€鈹€鈹€鈹€鈹€鈹€鈹€鈹€鈹€鈹€鈹1/2]   11 MB/s
61.9% ( 66.2/107.0MB) 鈹溾枅鈻堚枅鈻堚枅鈻堚枅鈻堚枅鈻堚枅鈻堚枅鈻堚枅鈻堚枅鈻堚枅鈻堚枅鈻堚枅鈻堚枅鈹€鈹€鈹€鈹€鈹€鈹€鈹€鈹€鈹€鈹€鈹€鈹€鈹€鈹€鈹€鈹1/2]   11 MB/s
62.2% ( 66.5/107.0MB) 鈹溾枅鈻堚枅鈻堚枅鈻堚枅鈻堚枅鈻堚枅鈻堚枅鈻堚枅鈻堚枅鈻堚枅鈻堚枅鈻堚枅鈻堚枅鈹€鈹€鈹€鈹€鈹€鈹€鈹€鈹€鈹€鈹€鈹€鈹€鈹€鈹€鈹€鈹1/2]   11 MB/s
62.4% ( 66.8/107.0MB) 鈹溾枅鈻堚枅鈻堚枅鈻堚枅鈻堚枅鈻堚枅鈻堚枅鈻堚枅鈻堚枅鈻堚枅鈻堚枅鈻堚枅鈻堚枅鈹€鈹€鈹€鈹€鈹€鈹€鈹€鈹€鈹€鈹€鈹€鈹€鈹€鈹€鈹€鈹1/2]   11 MB/s
62.6% ( 67.0/107.0MB) 鈹溾枅鈻堚枅鈻堚枅鈻堚枅鈻堚枅鈻堚枅鈻堚枅鈻堚枅鈻堚枅鈻堚枅鈻堚枅鈻堚枅鈻堚枅鈹€鈹€鈹€鈹€鈹€鈹€鈹€鈹€鈹€鈹€鈹€鈹€鈹€鈹€鈹€鈹1/2]   11 MB/s
62.9% ( 67.2/107.0MB) 鈹溾枅鈻堚枅鈻堚枅鈻堚枅鈻堚枅鈻堚枅鈻堚枅鈻堚枅鈻堚枅鈻堚枅鈻堚枅鈻堚枅鈻堚枅鈹€鈹€鈹€鈹€鈹€鈹€鈹€鈹€鈹€鈹€鈹€鈹€鈹€鈹€鈹€鈹1/2]   11 MB/s
63.1% ( 67.5/107.0MB) 鈹溾枅鈻堚枅鈻堚枅鈻堚枅鈻堚枅鈻堚枅鈻堚枅鈻堚枅鈻堚枅鈻堚枅鈻堚枅鈻堚枅鈻堚枅鈻堚攢鈹€鈹€鈹€鈹€鈹€鈹€鈹€鈹€鈹€鈹€鈹€鈹€鈹€鈹1/2]   11 MB/s
63.3% ( 67.8/107.0MB) 鈹溾枅鈻堚枅鈻堚枅鈻堚枅鈻堚枅鈻堚枅鈻堚枅鈻堚枅鈻堚枅鈻堚枅鈻堚枅鈻堚枅鈻堚枅鈻堚攢鈹€鈹€鈹€鈹€鈹€鈹€鈹€鈹€鈹€鈹€鈹€鈹€鈹€鈹1/2]   11 MB/s
63.6% ( 68.0/107.0MB) 鈹溾枅鈻堚枅鈻堚枅鈻堚枅鈻堚枅鈻堚枅鈻堚枅鈻堚枅鈻堚枅鈻堚枅鈻堚枅鈻堚枅鈻堚枅鈻堚攢鈹€鈹€鈹€鈹€鈹€鈹€鈹€鈹€鈹€鈹€鈹€鈹€鈹€鈹1/2]   11 MB/s
63.8% ( 68.2/107.0MB) 鈹溾枅鈻堚枅鈻堚枅鈻堚枅鈻堚枅鈻堚枅鈻堚枅鈻堚枅鈻堚枅鈻堚枅鈻堚枅鈻堚枅鈻堚枅鈻堚攢鈹€鈹€鈹€鈹€鈹€鈹€鈹€鈹€鈹€鈹€鈹€鈹€鈹€鈹1/2]   11 MB/s
64.0% ( 68.5/107.0MB) 鈹溾枅鈻堚枅鈻堚枅鈻堚枅鈻堚枅鈻堚枅鈻堚枅鈻堚枅鈻堚枅鈻堚枅鈻堚枅鈻堚枅鈻堚枅鈻堚攢鈹€鈹€鈹€鈹€鈹€鈹€鈹€鈹€鈹€鈹€鈹€鈹€鈹€鈹1/2]   11 MB/s
64.3% ( 68.8/107.0MB) 鈹溾枅鈻堚枅鈻堚枅鈻堚枅鈻堚枅鈻堚枅鈻堚枅鈻堚枅鈻堚枅鈻堚枅鈻堚枅鈻堚枅鈻堚枅鈻堚攢鈹€鈹€鈹€鈹€鈹€鈹€鈹€鈹€鈹€鈹€鈹€鈹€鈹€鈹1/2]   11 MB/s
64.5% ( 69.0/107.0MB) 鈹溾枅鈻堚枅鈻堚枅鈻堚枅鈻堚枅鈻堚枅鈻堚枅鈻堚枅鈻堚枅鈻堚枅鈻堚枅鈻堚枅鈻堚枅鈻堚攢鈹€鈹€鈹€鈹€鈹€鈹€鈹€鈹€鈹€鈹€鈹€鈹€鈹€鈹1/2]   11 MB/s
64.7% ( 69.2/107.0MB) 鈹溾枅鈻堚枅鈻堚枅鈻堚枅鈻堚枅鈻堚枅鈻堚枅鈻堚枅鈻堚枅鈻堚枅鈻堚枅鈻堚枅鈻堚枅鈻堚攢鈹€鈹€鈹€鈹€鈹€鈹€鈹€鈹€鈹€鈹€鈹€鈹€鈹€鈹1/2]   11 MB/s
65.0% ( 69.5/107.0MB) 鈹溾枅鈻堚枅鈻堚枅鈻堚枅鈻堚枅鈻堚枅鈻堚枅鈻堚枅鈻堚枅鈻堚枅鈻堚枅鈻堚枅鈻堚枅鈻堚枅鈹€鈹€鈹€鈹€鈹€鈹€鈹€鈹€鈹€鈹€鈹€鈹€鈹€鈹1/2]   11 MB/s
65.2% ( 69.8/107.0MB) 鈹溾枅鈻堚枅鈻堚枅鈻堚枅鈻堚枅鈻堚枅鈻堚枅鈻堚枅鈻堚枅鈻堚枅鈻堚枅鈻堚枅鈻堚枅鈻堚枅鈹€鈹€鈹€鈹€鈹€鈹€鈹€鈹€鈹€鈹€鈹€鈹€鈹€鈹1/2]   11 MB/s
65.4% ( 70.0/107.0MB) 鈹溾枅鈻堚枅鈻堚枅鈻堚枅鈻堚枅鈻堚枅鈻堚枅鈻堚枅鈻堚枅鈻堚枅鈻堚枅鈻堚枅鈻堚枅鈻堚枅鈹€鈹€鈹€鈹€鈹€鈹€鈹€鈹€鈹€鈹€鈹€鈹€鈹€鈹1/2]   11 MB/s
65.6% ( 70.2/107.0MB) 鈹溾枅鈻堚枅鈻堚枅鈻堚枅鈻堚枅鈻堚枅鈻堚枅鈻堚枅鈻堚枅鈻堚枅鈻堚枅鈻堚枅鈻堚枅鈻堚枅鈹€鈹€鈹€鈹€鈹€鈹€鈹€鈹€鈹€鈹€鈹€鈹€鈹€鈹1/2]   11 MB/s
65.9% ( 70.5/107.0MB) 鈹溾枅鈻堚枅鈻堚枅鈻堚枅鈻堚枅鈻堚枅鈻堚枅鈻堚枅鈻堚枅鈻堚枅鈻堚枅鈻堚枅鈻堚枅鈻堚枅鈹€鈹€鈹€鈹€鈹€鈹€鈹€鈹€鈹€鈹€鈹€鈹€鈹€鈹2/2]  426 kB/s
66.1% ( 70.7/107.0MB) 鈹溾枅鈻堚枅鈻堚枅鈻堚枅鈻堚枅鈻堚枅鈻堚枅鈻堚枅鈻堚枅鈻堚枅鈻堚枅鈻堚枅鈻堚枅鈻堚枅鈹€鈹€鈹€鈹€鈹€鈹€鈹€鈹€鈹€鈹€鈹€鈹€鈹€鈹2/2]    5 MB/s
66.3% ( 71.0/107.0MB) 鈹溾枅鈻堚枅鈻堚枅鈻堚枅鈻堚枅鈻堚枅鈻堚枅鈻堚枅鈻堚枅鈻堚枅鈻堚枅鈻堚枅鈻堚枅鈻堚枅鈹€鈹€鈹€鈹€鈹€鈹€鈹€鈹€鈹€鈹€鈹€鈹€鈹€鈹2/2]   10 MB/s
66.6% ( 71.2/107.0MB) 鈹溾枅鈻堚枅鈻堚枅鈻堚枅鈻堚枅鈻堚枅鈻堚枅鈻堚枅鈻堚枅鈻堚枅鈻堚枅鈻堚枅鈻堚枅鈻堚枅鈹€鈹€鈹€鈹€鈹€鈹€鈹€鈹€鈹€鈹€鈹€鈹€鈹€鈹2/2]   11 MB/s
66.8% ( 71.5/107.0MB) 鈹溾枅鈻堚枅鈻堚枅鈻堚枅鈻堚枅鈻堚枅鈻堚枅鈻堚枅鈻堚枅鈻堚枅鈻堚枅鈻堚枅鈻堚枅鈻堚枅鈹€鈹€鈹€鈹€鈹€鈹€鈹€鈹€鈹€鈹€鈹€鈹€鈹€鈹2/2]   11 MB/s
67.0% ( 71.7/107.0MB) 鈹溾枅鈻堚枅鈻堚枅鈻堚枅鈻堚枅鈻堚枅鈻堚枅鈻堚枅鈻堚枅鈻堚枅鈻堚枅鈻堚枅鈻堚枅鈻堚枅鈹€鈹€鈹€鈹€鈹€鈹€鈹€鈹€鈹€鈹€鈹€鈹€鈹€鈹2/2]   11 MB/s
67.3% ( 72.0/107.0MB) 鈹溾枅鈻堚枅鈻堚枅鈻堚枅鈻堚枅鈻堚枅鈻堚枅鈻堚枅鈻堚枅鈻堚枅鈻堚枅鈻堚枅鈻堚枅鈻堚枅鈹€鈹€鈹€鈹€鈹€鈹€鈹€鈹€鈹€鈹€鈹€鈹€鈹€鈹2/2]   11 MB/s
67.5% ( 72.2/107.0MB) 鈹溾枅鈻堚枅鈻堚枅鈻堚枅鈻堚枅鈻堚枅鈻堚枅鈻堚枅鈻堚枅鈻堚枅鈻堚枅鈻堚枅鈻堚枅鈻堚枅鈹€鈹€鈹€鈹€鈹€鈹€鈹€鈹€鈹€鈹€鈹€鈹€鈹€鈹2/2]   11 MB/s
67.7% ( 72.5/107.0MB) 鈹溾枅鈻堚枅鈻堚枅鈻堚枅鈻堚枅鈻堚枅鈻堚枅鈻堚枅鈻堚枅鈻堚枅鈻堚枅鈻堚枅鈻堚枅鈻堚枅鈹€鈹€鈹€鈹€鈹€鈹€鈹€鈹€鈹€鈹€鈹€鈹€鈹€鈹2/2]   11 MB/s
68.0% ( 72.7/107.0MB) 鈹溾枅鈻堚枅鈻堚枅鈻堚枅鈻堚枅鈻堚枅鈻堚枅鈻堚枅鈻堚枅鈻堚枅鈻堚枅鈻堚枅鈻堚枅鈻堚枅鈻堚攢鈹€鈹€鈹€鈹€鈹€鈹€鈹€鈹€鈹€鈹€鈹€鈹2/2]   11 MB/s
68.2% ( 73.0/107.0MB) 鈹溾枅鈻堚枅鈻堚枅鈻堚枅鈻堚枅鈻堚枅鈻堚枅鈻堚枅鈻堚枅鈻堚枅鈻堚枅鈻堚枅鈻堚枅鈻堚枅鈻堚攢鈹€鈹€鈹€鈹€鈹€鈹€鈹€鈹€鈹€鈹€鈹€鈹2/2]   11 MB/s
68.4% ( 73.2/107.0MB) 鈹溾枅鈻堚枅鈻堚枅鈻堚枅鈻堚枅鈻堚枅鈻堚枅鈻堚枅鈻堚枅鈻堚枅鈻堚枅鈻堚枅鈻堚枅鈻堚枅鈻堚攢鈹€鈹€鈹€鈹€鈹€鈹€鈹€鈹€鈹€鈹€鈹€鈹2/2]   11 MB/s
68.7% ( 73.5/107.0MB) 鈹溾枅鈻堚枅鈻堚枅鈻堚枅鈻堚枅鈻堚枅鈻堚枅鈻堚枅鈻堚枅鈻堚枅鈻堚枅鈻堚枅鈻堚枅鈻堚枅鈻堚攢鈹€鈹€鈹€鈹€鈹€鈹€鈹€鈹€鈹€鈹€鈹€鈹2/2]   11 MB/s
68.9% ( 73.7/107.0MB) 鈹溾枅鈻堚枅鈻堚枅鈻堚枅鈻堚枅鈻堚枅鈻堚枅鈻堚枅鈻堚枅鈻堚枅鈻堚枅鈻堚枅鈻堚枅鈻堚枅鈻堚攢鈹€鈹€鈹€鈹€鈹€鈹€鈹€鈹€鈹€鈹€鈹€鈹2/2]   11 MB/s
69.1% ( 74.0/107.0MB) 鈹溾枅鈻堚枅鈻堚枅鈻堚枅鈻堚枅鈻堚枅鈻堚枅鈻堚枅鈻堚枅鈻堚枅鈻堚枅鈻堚枅鈻堚枅鈻堚枅鈻堚攢鈹€鈹€鈹€鈹€鈹€鈹€鈹€鈹€鈹€鈹€鈹€鈹2/2]   11 MB/s
69.4% ( 74.2/107.0MB) 鈹溾枅鈻堚枅鈻堚枅鈻堚枅鈻堚枅鈻堚枅鈻堚枅鈻堚枅鈻堚枅鈻堚枅鈻堚枅鈻堚枅鈻堚枅鈻堚枅鈻堚攢鈹€鈹€鈹€鈹€鈹€鈹€鈹€鈹€鈹€鈹€鈹€鈹2/2]   11 MB/s
69.6% ( 74.5/107.0MB) 鈹溾枅鈻堚枅鈻堚枅鈻堚枅鈻堚枅鈻堚枅鈻堚枅鈻堚枅鈻堚枅鈻堚枅鈻堚枅鈻堚枅鈻堚枅鈻堚枅鈻堚攢鈹€鈹€鈹€鈹€鈹€鈹€鈹€鈹€鈹€鈹€鈹€鈹2/2]   11 MB/s
69.8% ( 74.7/107.0MB) 鈹溾枅鈻堚枅鈻堚枅鈻堚枅鈻堚枅鈻堚枅鈻堚枅鈻堚枅鈻堚枅鈻堚枅鈻堚枅鈻堚枅鈻堚枅鈻堚枅鈻堚攢鈹€鈹€鈹€鈹€鈹€鈹€鈹€鈹€鈹€鈹€鈹€鈹2/2]   11 MB/s
70.1% ( 75.0/107.0MB) 鈹溾枅鈻堚枅鈻堚枅鈻堚枅鈻堚枅鈻堚枅鈻堚枅鈻堚枅鈻堚枅鈻堚枅鈻堚枅鈻堚枅鈻堚枅鈻堚枅鈻堚枅鈹€鈹€鈹€鈹€鈹€鈹€鈹€鈹€鈹€鈹€鈹€鈹2/2]   11 MB/s
70.3% ( 75.2/107.0MB) 鈹溾枅鈻堚枅鈻堚枅鈻堚枅鈻堚枅鈻堚枅鈻堚枅鈻堚枅鈻堚枅鈻堚枅鈻堚枅鈻堚枅鈻堚枅鈻堚枅鈻堚枅鈹€鈹€鈹€鈹€鈹€鈹€鈹€鈹€鈹€鈹€鈹€鈹2/2]   11 MB/s
70.5% ( 75.5/107.0MB) 鈹溾枅鈻堚枅鈻堚枅鈻堚枅鈻堚枅鈻堚枅鈻堚枅鈻堚枅鈻堚枅鈻堚枅鈻堚枅鈻堚枅鈻堚枅鈻堚枅鈻堚枅鈹€鈹€鈹€鈹€鈹€鈹€鈹€鈹€鈹€鈹€鈹€鈹2/2]   11 MB/s
70.8% ( 75.7/107.0MB) 鈹溾枅鈻堚枅鈻堚枅鈻堚枅鈻堚枅鈻堚枅鈻堚枅鈻堚枅鈻堚枅鈻堚枅鈻堚枅鈻堚枅鈻堚枅鈻堚枅鈻堚枅鈹€鈹€鈹€鈹€鈹€鈹€鈹€鈹€鈹€鈹€鈹€鈹2/2]   11 MB/s
71.0% ( 76.0/107.0MB) 鈹溾枅鈻堚枅鈻堚枅鈻堚枅鈻堚枅鈻堚枅鈻堚枅鈻堚枅鈻堚枅鈻堚枅鈻堚枅鈻堚枅鈻堚枅鈻堚枅鈻堚枅鈹€鈹€鈹€鈹€鈹€鈹€鈹€鈹€鈹€鈹€鈹€鈹2/2]   11 MB/s
71.2% ( 76.2/107.0MB) 鈹溾枅鈻堚枅鈻堚枅鈻堚枅鈻堚枅鈻堚枅鈻堚枅鈻堚枅鈻堚枅鈻堚枅鈻堚枅鈻堚枅鈻堚枅鈻堚枅鈻堚枅鈹€鈹€鈹€鈹€鈹€鈹€鈹€鈹€鈹€鈹€鈹€鈹2/2]   11 MB/s
71.5% ( 76.5/107.0MB) 鈹溾枅鈻堚枅鈻堚枅鈻堚枅鈻堚枅鈻堚枅鈻堚枅鈻堚枅鈻堚枅鈻堚枅鈻堚枅鈻堚枅鈻堚枅鈻堚枅鈻堚枅鈹€鈹€鈹€鈹€鈹€鈹€鈹€鈹€鈹€鈹€鈹€鈹2/2]   11 MB/s
71.7% ( 76.7/107.0MB) 鈹溾枅鈻堚枅鈻堚枅鈻堚枅鈻堚枅鈻堚枅鈻堚枅鈻堚枅鈻堚枅鈻堚枅鈻堚枅鈻堚枅鈻堚枅鈻堚枅鈻堚枅鈹€鈹€鈹€鈹€鈹€鈹€鈹€鈹€鈹€鈹€鈹€鈹2/2]   11 MB/s
71.9% ( 77.0/107.0MB) 鈹溾枅鈻堚枅鈻堚枅鈻堚枅鈻堚枅鈻堚枅鈻堚枅鈻堚枅鈻堚枅鈻堚枅鈻堚枅鈻堚枅鈻堚枅鈻堚枅鈻堚枅鈹€鈹€鈹€鈹€鈹€鈹€鈹€鈹€鈹€鈹€鈹€鈹2/2]   11 MB/s
72.2% ( 77.2/107.0MB) 鈹溾枅鈻堚枅鈻堚枅鈻堚枅鈻堚枅鈻堚枅鈻堚枅鈻堚枅鈻堚枅鈻堚枅鈻堚枅鈻堚枅鈻堚枅鈻堚枅鈻堚枅鈹€鈹€鈹€鈹€鈹€鈹€鈹€鈹€鈹€鈹€鈹€鈹2/2]   11 MB/s
72.4% ( 77.5/107.0MB) 鈹溾枅鈻堚枅鈻堚枅鈻堚枅鈻堚枅鈻堚枅鈻堚枅鈻堚枅鈻堚枅鈻堚枅鈻堚枅鈻堚枅鈻堚枅鈻堚枅鈻堚枅鈹€鈹€鈹€鈹€鈹€鈹€鈹€鈹€鈹€鈹€鈹€鈹2/2]   11 MB/s
72.6% ( 77.7/107.0MB) 鈹溾枅鈻堚枅鈻堚枅鈻堚枅鈻堚枅鈻堚枅鈻堚枅鈻堚枅鈻堚枅鈻堚枅鈻堚枅鈻堚枅鈻堚枅鈻堚枅鈻堚枅鈹€鈹€鈹€鈹€鈹€鈹€鈹€鈹€鈹€鈹€鈹€鈹2/2]   11 MB/s
72.9% ( 78.0/107.0MB) 鈹溾枅鈻堚枅鈻堚枅鈻堚枅鈻堚枅鈻堚枅鈻堚枅鈻堚枅鈻堚枅鈻堚枅鈻堚枅鈻堚枅鈻堚枅鈻堚枅鈻堚枅鈹€鈹€鈹€鈹€鈹€鈹€鈹€鈹€鈹€鈹€鈹€鈹2/2]   11 MB/s
73.1% ( 78.2/107.0MB) 鈹溾枅鈻堚枅鈻堚枅鈻堚枅鈻堚枅鈻堚枅鈻堚枅鈻堚枅鈻堚枅鈻堚枅鈻堚枅鈻堚枅鈻堚枅鈻堚枅鈻堚枅鈻堚攢鈹€鈹€鈹€鈹€鈹€鈹€鈹€鈹€鈹€鈹2/2]   11 MB/s
73.3% ( 78.5/107.0MB) 鈹溾枅鈻堚枅鈻堚枅鈻堚枅鈻堚枅鈻堚枅鈻堚枅鈻堚枅鈻堚枅鈻堚枅鈻堚枅鈻堚枅鈻堚枅鈻堚枅鈻堚枅鈻堚攢鈹€鈹€鈹€鈹€鈹€鈹€鈹€鈹€鈹€鈹2/2]   11 MB/s
73.6% ( 78.7/107.0MB) 鈹溾枅鈻堚枅鈻堚枅鈻堚枅鈻堚枅鈻堚枅鈻堚枅鈻堚枅鈻堚枅鈻堚枅鈻堚枅鈻堚枅鈻堚枅鈻堚枅鈻堚枅鈻堚攢鈹€鈹€鈹€鈹€鈹€鈹€鈹€鈹€鈹€鈹2/2]   11 MB/s
73.8% ( 79.0/107.0MB) 鈹溾枅鈻堚枅鈻堚枅鈻堚枅鈻堚枅鈻堚枅鈻堚枅鈻堚枅鈻堚枅鈻堚枅鈻堚枅鈻堚枅鈻堚枅鈻堚枅鈻堚枅鈻堚攢鈹€鈹€鈹€鈹€鈹€鈹€鈹€鈹€鈹€鈹2/2]   11 MB/s
74.0% ( 79.2/107.0MB) 鈹溾枅鈻堚枅鈻堚枅鈻堚枅鈻堚枅鈻堚枅鈻堚枅鈻堚枅鈻堚枅鈻堚枅鈻堚枅鈻堚枅鈻堚枅鈻堚枅鈻堚枅鈻堚攢鈹€鈹€鈹€鈹€鈹€鈹€鈹€鈹€鈹€鈹2/2]   11 MB/s
74.3% ( 79.5/107.0MB) 鈹溾枅鈻堚枅鈻堚枅鈻堚枅鈻堚枅鈻堚枅鈻堚枅鈻堚枅鈻堚枅鈻堚枅鈻堚枅鈻堚枅鈻堚枅鈻堚枅鈻堚枅鈻堚攢鈹€鈹€鈹€鈹€鈹€鈹€鈹€鈹€鈹€鈹2/2]   11 MB/s
74.5% ( 79.7/107.0MB) 鈹溾枅鈻堚枅鈻堚枅鈻堚枅鈻堚枅鈻堚枅鈻堚枅鈻堚枅鈻堚枅鈻堚枅鈻堚枅鈻堚枅鈻堚枅鈻堚枅鈻堚枅鈻堚攢鈹€鈹€鈹€鈹€鈹€鈹€鈹€鈹€鈹€鈹2/2]   11 MB/s
74.8% ( 80.0/107.0MB) 鈹溾枅鈻堚枅鈻堚枅鈻堚枅鈻堚枅鈻堚枅鈻堚枅鈻堚枅鈻堚枅鈻堚枅鈻堚枅鈻堚枅鈻堚枅鈻堚枅鈻堚枅鈻堚攢鈹€鈹€鈹€鈹€鈹€鈹€鈹€鈹€鈹€鈹2/2]   11 MB/s
75.0% ( 80.2/107.0MB) 鈹溾枅鈻堚枅鈻堚枅鈻堚枅鈻堚枅鈻堚枅鈻堚枅鈻堚枅鈻堚枅鈻堚枅鈻堚枅鈻堚枅鈻堚枅鈻堚枅鈻堚枅鈻堚枅鈹€鈹€鈹€鈹€鈹€鈹€鈹€鈹€鈹€鈹2/2]   11 MB/s
75.2% ( 80.5/107.0MB) 鈹溾枅鈻堚枅鈻堚枅鈻堚枅鈻堚枅鈻堚枅鈻堚枅鈻堚枅鈻堚枅鈻堚枅鈻堚枅鈻堚枅鈻堚枅鈻堚枅鈻堚枅鈻堚枅鈹€鈹€鈹€鈹€鈹€鈹€鈹€鈹€鈹€鈹2/2]   11 MB/s
75.5% ( 80.7/107.0MB) 鈹溾枅鈻堚枅鈻堚枅鈻堚枅鈻堚枅鈻堚枅鈻堚枅鈻堚枅鈻堚枅鈻堚枅鈻堚枅鈻堚枅鈻堚枅鈻堚枅鈻堚枅鈻堚枅鈹€鈹€鈹€鈹€鈹€鈹€鈹€鈹€鈹€鈹2/2]   11 MB/s
75.7% ( 81.0/107.0MB) 鈹溾枅鈻堚枅鈻堚枅鈻堚枅鈻堚枅鈻堚枅鈻堚枅鈻堚枅鈻堚枅鈻堚枅鈻堚枅鈻堚枅鈻堚枅鈻堚枅鈻堚枅鈻堚枅鈹€鈹€鈹€鈹€鈹€鈹€鈹€鈹€鈹€鈹2/2]   11 MB/s
75.9% ( 81.2/107.0MB) 鈹溾枅鈻堚枅鈻堚枅鈻堚枅鈻堚枅鈻堚枅鈻堚枅鈻堚枅鈻堚枅鈻堚枅鈻堚枅鈻堚枅鈻堚枅鈻堚枅鈻堚枅鈻堚枅鈹€鈹€鈹€鈹€鈹€鈹€鈹€鈹€鈹€鈹2/2]   11 MB/s
76.2% ( 81.5/107.0MB) 鈹溾枅鈻堚枅鈻堚枅鈻堚枅鈻堚枅鈻堚枅鈻堚枅鈻堚枅鈻堚枅鈻堚枅鈻堚枅鈻堚枅鈻堚枅鈻堚枅鈻堚枅鈻堚枅鈹€鈹€鈹€鈹€鈹€鈹€鈹€鈹€鈹€鈹2/2]   11 MB/s
76.4% ( 81.7/107.0MB) 鈹溾枅鈻堚枅鈻堚枅鈻堚枅鈻堚枅鈻堚枅鈻堚枅鈻堚枅鈻堚枅鈻堚枅鈻堚枅鈻堚枅鈻堚枅鈻堚枅鈻堚枅鈻堚枅鈹€鈹€鈹€鈹€鈹€鈹€鈹€鈹€鈹€鈹2/2]   11 MB/s
76.6% ( 82.0/107.0MB) 鈹溾枅鈻堚枅鈻堚枅鈻堚枅鈻堚枅鈻堚枅鈻堚枅鈻堚枅鈻堚枅鈻堚枅鈻堚枅鈻堚枅鈻堚枅鈻堚枅鈻堚枅鈻堚枅鈹€鈹€鈹€鈹€鈹€鈹€鈹€鈹€鈹€鈹2/2]   11 MB/s
76.9% ( 82.2/107.0MB) 鈹溾枅鈻堚枅鈻堚枅鈻堚枅鈻堚枅鈻堚枅鈻堚枅鈻堚枅鈻堚枅鈻堚枅鈻堚枅鈻堚枅鈻堚枅鈻堚枅鈻堚枅鈻堚枅鈹€鈹€鈹€鈹€鈹€鈹€鈹€鈹€鈹€鈹2/2]   11 MB/s
77.1% ( 82.5/107.0MB) 鈹溾枅鈻堚枅鈻堚枅鈻堚枅鈻堚枅鈻堚枅鈻堚枅鈻堚枅鈻堚枅鈻堚枅鈻堚枅鈻堚枅鈻堚枅鈻堚枅鈻堚枅鈻堚枅鈹€鈹€鈹€鈹€鈹€鈹€鈹€鈹€鈹€鈹2/2]   11 MB/s
77.3% ( 82.7/107.0MB) 鈹溾枅鈻堚枅鈻堚枅鈻堚枅鈻堚枅鈻堚枅鈻堚枅鈻堚枅鈻堚枅鈻堚枅鈻堚枅鈻堚枅鈻堚枅鈻堚枅鈻堚枅鈻堚枅鈹€鈹€鈹€鈹€鈹€鈹€鈹€鈹€鈹€鈹2/2]   11 MB/s
77.6% ( 83.0/107.0MB) 鈹溾枅鈻堚枅鈻堚枅鈻堚枅鈻堚枅鈻堚枅鈻堚枅鈻堚枅鈻堚枅鈻堚枅鈻堚枅鈻堚枅鈻堚枅鈻堚枅鈻堚枅鈻堚枅鈹€鈹€鈹€鈹€鈹€鈹€鈹€鈹€鈹€鈹2/2]   11 MB/s
77.8% ( 83.2/107.0MB) 鈹溾枅鈻堚枅鈻堚枅鈻堚枅鈻堚枅鈻堚枅鈻堚枅鈻堚枅鈻堚枅鈻堚枅鈻堚枅鈻堚枅鈻堚枅鈻堚枅鈻堚枅鈻堚枅鈹€鈹€鈹€鈹€鈹€鈹€鈹€鈹€鈹€鈹2/2]   11 MB/s
78.0% ( 83.5/107.0MB) 鈹溾枅鈻堚枅鈻堚枅鈻堚枅鈻堚枅鈻堚枅鈻堚枅鈻堚枅鈻堚枅鈻堚枅鈻堚枅鈻堚枅鈻堚枅鈻堚枅鈻堚枅鈻堚枅鈻堚攢鈹€鈹€鈹€鈹€鈹€鈹€鈹€鈹2/2]   11 MB/s
78.3% ( 83.7/107.0MB) 鈹溾枅鈻堚枅鈻堚枅鈻堚枅鈻堚枅鈻堚枅鈻堚枅鈻堚枅鈻堚枅鈻堚枅鈻堚枅鈻堚枅鈻堚枅鈻堚枅鈻堚枅鈻堚枅鈻堚攢鈹€鈹€鈹€鈹€鈹€鈹€鈹€鈹2/2]   11 MB/s
78.5% ( 84.0/107.0MB) 鈹溾枅鈻堚枅鈻堚枅鈻堚枅鈻堚枅鈻堚枅鈻堚枅鈻堚枅鈻堚枅鈻堚枅鈻堚枅鈻堚枅鈻堚枅鈻堚枅鈻堚枅鈻堚枅鈻堚攢鈹€鈹€鈹€鈹€鈹€鈹€鈹€鈹2/2]   11 MB/s
78.7% ( 84.2/107.0MB) 鈹溾枅鈻堚枅鈻堚枅鈻堚枅鈻堚枅鈻堚枅鈻堚枅鈻堚枅鈻堚枅鈻堚枅鈻堚枅鈻堚枅鈻堚枅鈻堚枅鈻堚枅鈻堚枅鈻堚攢鈹€鈹€鈹€鈹€鈹€鈹€鈹€鈹2/2]   11 MB/s
79.0% ( 84.5/107.0MB) 鈹溾枅鈻堚枅鈻堚枅鈻堚枅鈻堚枅鈻堚枅鈻堚枅鈻堚枅鈻堚枅鈻堚枅鈻堚枅鈻堚枅鈻堚枅鈻堚枅鈻堚枅鈻堚枅鈻堚攢鈹€鈹€鈹€鈹€鈹€鈹€鈹€鈹2/2]   11 MB/s
79.2% ( 84.7/107.0MB) 鈹溾枅鈻堚枅鈻堚枅鈻堚枅鈻堚枅鈻堚枅鈻堚枅鈻堚枅鈻堚枅鈻堚枅鈻堚枅鈻堚枅鈻堚枅鈻堚枅鈻堚枅鈻堚枅鈻堚攢鈹€鈹€鈹€鈹€鈹€鈹€鈹€鈹2/2]   11 MB/s
79.4% ( 85.0/107.0MB) 鈹溾枅鈻堚枅鈻堚枅鈻堚枅鈻堚枅鈻堚枅鈻堚枅鈻堚枅鈻堚枅鈻堚枅鈻堚枅鈻堚枅鈻堚枅鈻堚枅鈻堚枅鈻堚枅鈻堚攢鈹€鈹€鈹€鈹€鈹€鈹€鈹€鈹2/2]   11 MB/s
79.7% ( 85.2/107.0MB) 鈹溾枅鈻堚枅鈻堚枅鈻堚枅鈻堚枅鈻堚枅鈻堚枅鈻堚枅鈻堚枅鈻堚枅鈻堚枅鈻堚枅鈻堚枅鈻堚枅鈻堚枅鈻堚枅鈻堚攢鈹€鈹€鈹€鈹€鈹€鈹€鈹€鈹2/2]   11 MB/s
79.9% ( 85.5/107.0MB) 鈹溾枅鈻堚枅鈻堚枅鈻堚枅鈻堚枅鈻堚枅鈻堚枅鈻堚枅鈻堚枅鈻堚枅鈻堚枅鈻堚枅鈻堚枅鈻堚枅鈻堚枅鈻堚枅鈻堚攢鈹€鈹€鈹€鈹€鈹€鈹€鈹€鈹2/2]   11 MB/s
80.1% ( 85.7/107.0MB) 鈹溾枅鈻堚枅鈻堚枅鈻堚枅鈻堚枅鈻堚枅鈻堚枅鈻堚枅鈻堚枅鈻堚枅鈻堚枅鈻堚枅鈻堚枅鈻堚枅鈻堚枅鈻堚枅鈻堚枅鈹€鈹€鈹€鈹€鈹€鈹€鈹€鈹2/2]   11 MB/s
80.4% ( 86.0/107.0MB) 鈹溾枅鈻堚枅鈻堚枅鈻堚枅鈻堚枅鈻堚枅鈻堚枅鈻堚枅鈻堚枅鈻堚枅鈻堚枅鈻堚枅鈻堚枅鈻堚枅鈻堚枅鈻堚枅鈻堚枅鈹€鈹€鈹€鈹€鈹€鈹€鈹€鈹2/2]   10 MB/s
80.6% ( 86.2/107.0MB) 鈹溾枅鈻堚枅鈻堚枅鈻堚枅鈻堚枅鈻堚枅鈻堚枅鈻堚枅鈻堚枅鈻堚枅鈻堚枅鈻堚枅鈻堚枅鈻堚枅鈻堚枅鈻堚枅鈻堚枅鈹€鈹€鈹€鈹€鈹€鈹€鈹€鈹2/2]   11 MB/s
80.8% ( 86.5/107.0MB) 鈹溾枅鈻堚枅鈻堚枅鈻堚枅鈻堚枅鈻堚枅鈻堚枅鈻堚枅鈻堚枅鈻堚枅鈻堚枅鈻堚枅鈻堚枅鈻堚枅鈻堚枅鈻堚枅鈻堚枅鈹€鈹€鈹€鈹€鈹€鈹€鈹€鈹2/2]   11 MB/s
81.1% ( 86.7/107.0MB) 鈹溾枅鈻堚枅鈻堚枅鈻堚枅鈻堚枅鈻堚枅鈻堚枅鈻堚枅鈻堚枅鈻堚枅鈻堚枅鈻堚枅鈻堚枅鈻堚枅鈻堚枅鈻堚枅鈻堚枅鈹€鈹€鈹€鈹€鈹€鈹€鈹€鈹2/2]   11 MB/s
81.3% ( 87.0/107.0MB) 鈹溾枅鈻堚枅鈻堚枅鈻堚枅鈻堚枅鈻堚枅鈻堚枅鈻堚枅鈻堚枅鈻堚枅鈻堚枅鈻堚枅鈻堚枅鈻堚枅鈻堚枅鈻堚枅鈻堚枅鈹€鈹€鈹€鈹€鈹€鈹€鈹€鈹2/2]   11 MB/s
81.5% ( 87.2/107.0MB) 鈹溾枅鈻堚枅鈻堚枅鈻堚枅鈻堚枅鈻堚枅鈻堚枅鈻堚枅鈻堚枅鈻堚枅鈻堚枅鈻堚枅鈻堚枅鈻堚枅鈻堚枅鈻堚枅鈻堚枅鈹€鈹€鈹€鈹€鈹€鈹€鈹€鈹2/2]   11 MB/s
81.8% ( 87.5/107.0MB) 鈹溾枅鈻堚枅鈻堚枅鈻堚枅鈻堚枅鈻堚枅鈻堚枅鈻堚枅鈻堚枅鈻堚枅鈻堚枅鈻堚枅鈻堚枅鈻堚枅鈻堚枅鈻堚枅鈻堚枅鈹€鈹€鈹€鈹€鈹€鈹€鈹€鈹2/2]   11 MB/s
82.0% ( 87.7/107.0MB) 鈹溾枅鈻堚枅鈻堚枅鈻堚枅鈻堚枅鈻堚枅鈻堚枅鈻堚枅鈻堚枅鈻堚枅鈻堚枅鈻堚枅鈻堚枅鈻堚枅鈻堚枅鈻堚枅鈻堚枅鈹€鈹€鈹€鈹€鈹€鈹€鈹€鈹2/2]   11 MB/s
82.2% ( 88.0/107.0MB) 鈹溾枅鈻堚枅鈻堚枅鈻堚枅鈻堚枅鈻堚枅鈻堚枅鈻堚枅鈻堚枅鈻堚枅鈻堚枅鈻堚枅鈻堚枅鈻堚枅鈻堚枅鈻堚枅鈻堚枅鈹€鈹€鈹€鈹€鈹€鈹€鈹€鈹2/2]   11 MB/s
82.5% ( 88.2/107.0MB) 鈹溾枅鈻堚枅鈻堚枅鈻堚枅鈻堚枅鈻堚枅鈻堚枅鈻堚枅鈻堚枅鈻堚枅鈻堚枅鈻堚枅鈻堚枅鈻堚枅鈻堚枅鈻堚枅鈻堚枅鈹€鈹€鈹€鈹€鈹€鈹€鈹€鈹2/2]   11 MB/s
82.7% ( 88.5/107.0MB) 鈹溾枅鈻堚枅鈻堚枅鈻堚枅鈻堚枅鈻堚枅鈻堚枅鈻堚枅鈻堚枅鈻堚枅鈻堚枅鈻堚枅鈻堚枅鈻堚枅鈻堚枅鈻堚枅鈻堚枅鈹€鈹€鈹€鈹€鈹€鈹€鈹€鈹2/2]   11 MB/s
82.9% ( 88.7/107.0MB) 鈹溾枅鈻堚枅鈻堚枅鈻堚枅鈻堚枅鈻堚枅鈻堚枅鈻堚枅鈻堚枅鈻堚枅鈻堚枅鈻堚枅鈻堚枅鈻堚枅鈻堚枅鈻堚枅鈻堚枅鈹€鈹€鈹€鈹€鈹€鈹€鈹€鈹2/2]   11 MB/s
83.2% ( 89.0/107.0MB) 鈹溾枅鈻堚枅鈻堚枅鈻堚枅鈻堚枅鈻堚枅鈻堚枅鈻堚枅鈻堚枅鈻堚枅鈻堚枅鈻堚枅鈻堚枅鈻堚枅鈻堚枅鈻堚枅鈻堚枅鈻堚攢鈹€鈹€鈹€鈹€鈹€鈹2/2]   11 MB/s
83.4% ( 89.2/107.0MB) 鈹溾枅鈻堚枅鈻堚枅鈻堚枅鈻堚枅鈻堚枅鈻堚枅鈻堚枅鈻堚枅鈻堚枅鈻堚枅鈻堚枅鈻堚枅鈻堚枅鈻堚枅鈻堚枅鈻堚枅鈻堚攢鈹€鈹€鈹€鈹€鈹€鈹2/2]   11 MB/s
83.6% ( 89.5/107.0MB) 鈹溾枅鈻堚枅鈻堚枅鈻堚枅鈻堚枅鈻堚枅鈻堚枅鈻堚枅鈻堚枅鈻堚枅鈻堚枅鈻堚枅鈻堚枅鈻堚枅鈻堚枅鈻堚枅鈻堚枅鈻堚攢鈹€鈹€鈹€鈹€鈹€鈹2/2]   11 MB/s
83.9% ( 89.7/107.0MB) 鈹溾枅鈻堚枅鈻堚枅鈻堚枅鈻堚枅鈻堚枅鈻堚枅鈻堚枅鈻堚枅鈻堚枅鈻堚枅鈻堚枅鈻堚枅鈻堚枅鈻堚枅鈻堚枅鈻堚枅鈻堚攢鈹€鈹€鈹€鈹€鈹€鈹2/2]   11 MB/s
84.1% ( 90.0/107.0MB) 鈹溾枅鈻堚枅鈻堚枅鈻堚枅鈻堚枅鈻堚枅鈻堚枅鈻堚枅鈻堚枅鈻堚枅鈻堚枅鈻堚枅鈻堚枅鈻堚枅鈻堚枅鈻堚枅鈻堚枅鈻堚攢鈹€鈹€鈹€鈹€鈹€鈹2/2]   11 MB/s
84.3% ( 90.2/107.0MB) 鈹溾枅鈻堚枅鈻堚枅鈻堚枅鈻堚枅鈻堚枅鈻堚枅鈻堚枅鈻堚枅鈻堚枅鈻堚枅鈻堚枅鈻堚枅鈻堚枅鈻堚枅鈻堚枅鈻堚枅鈻堚攢鈹€鈹€鈹€鈹€鈹€鈹2/2]   11 MB/s
84.6% ( 90.5/107.0MB) 鈹溾枅鈻堚枅鈻堚枅鈻堚枅鈻堚枅鈻堚枅鈻堚枅鈻堚枅鈻堚枅鈻堚枅鈻堚枅鈻堚枅鈻堚枅鈻堚枅鈻堚枅鈻堚枅鈻堚枅鈻堚攢鈹€鈹€鈹€鈹€鈹€鈹2/2]   11 MB/s
84.8% ( 90.7/107.0MB) 鈹溾枅鈻堚枅鈻堚枅鈻堚枅鈻堚枅鈻堚枅鈻堚枅鈻堚枅鈻堚枅鈻堚枅鈻堚枅鈻堚枅鈻堚枅鈻堚枅鈻堚枅鈻堚枅鈻堚枅鈻堚攢鈹€鈹€鈹€鈹€鈹€鈹2/2]   11 MB/s
85.0% ( 91.0/107.0MB) 鈹溾枅鈻堚枅鈻堚枅鈻堚枅鈻堚枅鈻堚枅鈻堚枅鈻堚枅鈻堚枅鈻堚枅鈻堚枅鈻堚枅鈻堚枅鈻堚枅鈻堚枅鈻堚枅鈻堚枅鈻堚枅鈹€鈹€鈹€鈹€鈹€鈹2/2]   11 MB/s
85.3% ( 91.2/107.0MB) 鈹溾枅鈻堚枅鈻堚枅鈻堚枅鈻堚枅鈻堚枅鈻堚枅鈻堚枅鈻堚枅鈻堚枅鈻堚枅鈻堚枅鈻堚枅鈻堚枅鈻堚枅鈻堚枅鈻堚枅鈻堚枅鈹€鈹€鈹€鈹€鈹€鈹2/2]   11 MB/s
85.5% ( 91.5/107.0MB) 鈹溾枅鈻堚枅鈻堚枅鈻堚枅鈻堚枅鈻堚枅鈻堚枅鈻堚枅鈻堚枅鈻堚枅鈻堚枅鈻堚枅鈻堚枅鈻堚枅鈻堚枅鈻堚枅鈻堚枅鈻堚枅鈹€鈹€鈹€鈹€鈹€鈹2/2]   11 MB/s
85.7% ( 91.7/107.0MB) 鈹溾枅鈻堚枅鈻堚枅鈻堚枅鈻堚枅鈻堚枅鈻堚枅鈻堚枅鈻堚枅鈻堚枅鈻堚枅鈻堚枅鈻堚枅鈻堚枅鈻堚枅鈻堚枅鈻堚枅鈻堚枅鈹€鈹€鈹€鈹€鈹€鈹2/2]   11 MB/s
86.0% ( 92.0/107.0MB) 鈹溾枅鈻堚枅鈻堚枅鈻堚枅鈻堚枅鈻堚枅鈻堚枅鈻堚枅鈻堚枅鈻堚枅鈻堚枅鈻堚枅鈻堚枅鈻堚枅鈻堚枅鈻堚枅鈻堚枅鈻堚枅鈹€鈹€鈹€鈹€鈹€鈹2/2]   11 MB/s
86.2% ( 92.2/107.0MB) 鈹溾枅鈻堚枅鈻堚枅鈻堚枅鈻堚枅鈻堚枅鈻堚枅鈻堚枅鈻堚枅鈻堚枅鈻堚枅鈻堚枅鈻堚枅鈻堚枅鈻堚枅鈻堚枅鈻堚枅鈻堚枅鈹€鈹€鈹€鈹€鈹€鈹2/2]   11 MB/s
86.4% ( 92.5/107.0MB) 鈹溾枅鈻堚枅鈻堚枅鈻堚枅鈻堚枅鈻堚枅鈻堚枅鈻堚枅鈻堚枅鈻堚枅鈻堚枅鈻堚枅鈻堚枅鈻堚枅鈻堚枅鈻堚枅鈻堚枅鈻堚枅鈹€鈹€鈹€鈹€鈹€鈹2/2]   11 MB/s
86.7% ( 92.7/107.0MB) 鈹溾枅鈻堚枅鈻堚枅鈻堚枅鈻堚枅鈻堚枅鈻堚枅鈻堚枅鈻堚枅鈻堚枅鈻堚枅鈻堚枅鈻堚枅鈻堚枅鈻堚枅鈻堚枅鈻堚枅鈻堚枅鈹€鈹€鈹€鈹€鈹€鈹2/2]   11 MB/s
86.9% ( 93.0/107.0MB) 鈹溾枅鈻堚枅鈻堚枅鈻堚枅鈻堚枅鈻堚枅鈻堚枅鈻堚枅鈻堚枅鈻堚枅鈻堚枅鈻堚枅鈻堚枅鈻堚枅鈻堚枅鈻堚枅鈻堚枅鈻堚枅鈹€鈹€鈹€鈹€鈹€鈹2/2]   11 MB/s
87.1% ( 93.2/107.0MB) 鈹溾枅鈻堚枅鈻堚枅鈻堚枅鈻堚枅鈻堚枅鈻堚枅鈻堚枅鈻堚枅鈻堚枅鈻堚枅鈻堚枅鈻堚枅鈻堚枅鈻堚枅鈻堚枅鈻堚枅鈻堚枅鈹€鈹€鈹€鈹€鈹€鈹2/2]   11 MB/s
87.4% ( 93.5/107.0MB) 鈹溾枅鈻堚枅鈻堚枅鈻堚枅鈻堚枅鈻堚枅鈻堚枅鈻堚枅鈻堚枅鈻堚枅鈻堚枅鈻堚枅鈻堚枅鈻堚枅鈻堚枅鈻堚枅鈻堚枅鈻堚枅鈹€鈹€鈹€鈹€鈹€鈹2/2]   11 MB/s
87.6% ( 93.7/107.0MB) 鈹溾枅鈻堚枅鈻堚枅鈻堚枅鈻堚枅鈻堚枅鈻堚枅鈻堚枅鈻堚枅鈻堚枅鈻堚枅鈻堚枅鈻堚枅鈻堚枅鈻堚枅鈻堚枅鈻堚枅鈻堚枅鈹€鈹€鈹€鈹€鈹€鈹2/2]   11 MB/s
87.8% ( 94.0/107.0MB) 鈹溾枅鈻堚枅鈻堚枅鈻堚枅鈻堚枅鈻堚枅鈻堚枅鈻堚枅鈻堚枅鈻堚枅鈻堚枅鈻堚枅鈻堚枅鈻堚枅鈻堚枅鈻堚枅鈻堚枅鈻堚枅鈹€鈹€鈹€鈹€鈹€鈹2/2]   11 MB/s
88.1% ( 94.2/107.0MB) 鈹溾枅鈻堚枅鈻堚枅鈻堚枅鈻堚枅鈻堚枅鈻堚枅鈻堚枅鈻堚枅鈻堚枅鈻堚枅鈻堚枅鈻堚枅鈻堚枅鈻堚枅鈻堚枅鈻堚枅鈻堚枅鈻堚攢鈹€鈹€鈹€鈹2/2]   11 MB/s
88.3% ( 94.5/107.0MB) 鈹溾枅鈻堚枅鈻堚枅鈻堚枅鈻堚枅鈻堚枅鈻堚枅鈻堚枅鈻堚枅鈻堚枅鈻堚枅鈻堚枅鈻堚枅鈻堚枅鈻堚枅鈻堚枅鈻堚枅鈻堚枅鈻堚攢鈹€鈹€鈹€鈹2/2]   11 MB/s
88.5% ( 94.7/107.0MB) 鈹溾枅鈻堚枅鈻堚枅鈻堚枅鈻堚枅鈻堚枅鈻堚枅鈻堚枅鈻堚枅鈻堚枅鈻堚枅鈻堚枅鈻堚枅鈻堚枅鈻堚枅鈻堚枅鈻堚枅鈻堚枅鈻堚攢鈹€鈹€鈹€鈹2/2]   11 MB/s
88.8% ( 95.0/107.0MB) 鈹溾枅鈻堚枅鈻堚枅鈻堚枅鈻堚枅鈻堚枅鈻堚枅鈻堚枅鈻堚枅鈻堚枅鈻堚枅鈻堚枅鈻堚枅鈻堚枅鈻堚枅鈻堚枅鈻堚枅鈻堚枅鈻堚攢鈹€鈹€鈹€鈹2/2]   11 MB/s
89.0% ( 95.2/107.0MB) 鈹溾枅鈻堚枅鈻堚枅鈻堚枅鈻堚枅鈻堚枅鈻堚枅鈻堚枅鈻堚枅鈻堚枅鈻堚枅鈻堚枅鈻堚枅鈻堚枅鈻堚枅鈻堚枅鈻堚枅鈻堚枅鈻堚攢鈹€鈹€鈹€鈹2/2]   11 MB/s
89.2% ( 95.5/107.0MB) 鈹溾枅鈻堚枅鈻堚枅鈻堚枅鈻堚枅鈻堚枅鈻堚枅鈻堚枅鈻堚枅鈻堚枅鈻堚枅鈻堚枅鈻堚枅鈻堚枅鈻堚枅鈻堚枅鈻堚枅鈻堚枅鈻堚攢鈹€鈹€鈹€鈹2/2]   11 MB/s
89.5% ( 95.7/107.0MB) 鈹溾枅鈻堚枅鈻堚枅鈻堚枅鈻堚枅鈻堚枅鈻堚枅鈻堚枅鈻堚枅鈻堚枅鈻堚枅鈻堚枅鈻堚枅鈻堚枅鈻堚枅鈻堚枅鈻堚枅鈻堚枅鈻堚攢鈹€鈹€鈹€鈹2/2]   11 MB/s
89.7% ( 96.0/107.0MB) 鈹溾枅鈻堚枅鈻堚枅鈻堚枅鈻堚枅鈻堚枅鈻堚枅鈻堚枅鈻堚枅鈻堚枅鈻堚枅鈻堚枅鈻堚枅鈻堚枅鈻堚枅鈻堚枅鈻堚枅鈻堚枅鈻堚攢鈹€鈹€鈹€鈹2/2]   11 MB/s
89.9% ( 96.2/107.0MB) 鈹溾枅鈻堚枅鈻堚枅鈻堚枅鈻堚枅鈻堚枅鈻堚枅鈻堚枅鈻堚枅鈻堚枅鈻堚枅鈻堚枅鈻堚枅鈻堚枅鈻堚枅鈻堚枅鈻堚枅鈻堚枅鈻堚攢鈹€鈹€鈹€鈹2/2]   11 MB/s
90.2% ( 96.5/107.0MB) 鈹溾枅鈻堚枅鈻堚枅鈻堚枅鈻堚枅鈻堚枅鈻堚枅鈻堚枅鈻堚枅鈻堚枅鈻堚枅鈻堚枅鈻堚枅鈻堚枅鈻堚枅鈻堚枅鈻堚枅鈻堚枅鈻堚枅鈹€鈹€鈹€鈹2/2]   11 MB/s
90.4% ( 96.7/107.0MB) 鈹溾枅鈻堚枅鈻堚枅鈻堚枅鈻堚枅鈻堚枅鈻堚枅鈻堚枅鈻堚枅鈻堚枅鈻堚枅鈻堚枅鈻堚枅鈻堚枅鈻堚枅鈻堚枅鈻堚枅鈻堚枅鈻堚枅鈹€鈹€鈹€鈹2/2]   11 MB/s
90.6% ( 97.0/107.0MB) 鈹溾枅鈻堚枅鈻堚枅鈻堚枅鈻堚枅鈻堚枅鈻堚枅鈻堚枅鈻堚枅鈻堚枅鈻堚枅鈻堚枅鈻堚枅鈻堚枅鈻堚枅鈻堚枅鈻堚枅鈻堚枅鈻堚枅鈹€鈹€鈹€鈹2/2]   11 MB/s
90.9% ( 97.2/107.0MB) 鈹溾枅鈻堚枅鈻堚枅鈻堚枅鈻堚枅鈻堚枅鈻堚枅鈻堚枅鈻堚枅鈻堚枅鈻堚枅鈻堚枅鈻堚枅鈻堚枅鈻堚枅鈻堚枅鈻堚枅鈻堚枅鈻堚枅鈹€鈹€鈹€鈹2/2]   11 MB/s
91.1% ( 97.5/107.0MB) 鈹溾枅鈻堚枅鈻堚枅鈻堚枅鈻堚枅鈻堚枅鈻堚枅鈻堚枅鈻堚枅鈻堚枅鈻堚枅鈻堚枅鈻堚枅鈻堚枅鈻堚枅鈻堚枅鈻堚枅鈻堚枅鈻堚枅鈹€鈹€鈹€鈹2/2]   11 MB/s
91.3% ( 97.7/107.0MB) 鈹溾枅鈻堚枅鈻堚枅鈻堚枅鈻堚枅鈻堚枅鈻堚枅鈻堚枅鈻堚枅鈻堚枅鈻堚枅鈻堚枅鈻堚枅鈻堚枅鈻堚枅鈻堚枅鈻堚枅鈻堚枅鈻堚枅鈹€鈹€鈹€鈹2/2]   11 MB/s
91.6% ( 98.0/107.0MB) 鈹溾枅鈻堚枅鈻堚枅鈻堚枅鈻堚枅鈻堚枅鈻堚枅鈻堚枅鈻堚枅鈻堚枅鈻堚枅鈻堚枅鈻堚枅鈻堚枅鈻堚枅鈻堚枅鈻堚枅鈻堚枅鈻堚枅鈹€鈹€鈹€鈹2/2]   11 MB/s
91.8% ( 98.2/107.0MB) 鈹溾枅鈻堚枅鈻堚枅鈻堚枅鈻堚枅鈻堚枅鈻堚枅鈻堚枅鈻堚枅鈻堚枅鈻堚枅鈻堚枅鈻堚枅鈻堚枅鈻堚枅鈻堚枅鈻堚枅鈻堚枅鈻堚枅鈹€鈹€鈹€鈹2/2]   11 MB/s
92.0% ( 98.5/107.0MB) 鈹溾枅鈻堚枅鈻堚枅鈻堚枅鈻堚枅鈻堚枅鈻堚枅鈻堚枅鈻堚枅鈻堚枅鈻堚枅鈻堚枅鈻堚枅鈻堚枅鈻堚枅鈻堚枅鈻堚枅鈻堚枅鈻堚枅鈹€鈹€鈹€鈹2/2]   11 MB/s
92.3% ( 98.7/107.0MB) 鈹溾枅鈻堚枅鈻堚枅鈻堚枅鈻堚枅鈻堚枅鈻堚枅鈻堚枅鈻堚枅鈻堚枅鈻堚枅鈻堚枅鈻堚枅鈻堚枅鈻堚枅鈻堚枅鈻堚枅鈻堚枅鈻堚枅鈹€鈹€鈹€鈹2/2]   11 MB/s
92.5% ( 99.0/107.0MB) 鈹溾枅鈻堚枅鈻堚枅鈻堚枅鈻堚枅鈻堚枅鈻堚枅鈻堚枅鈻堚枅鈻堚枅鈻堚枅鈻堚枅鈻堚枅鈻堚枅鈻堚枅鈻堚枅鈻堚枅鈻堚枅鈻堚枅鈹€鈹€鈹€鈹2/2]   11 MB/s
92.7% ( 99.2/107.0MB) 鈹溾枅鈻堚枅鈻堚枅鈻堚枅鈻堚枅鈻堚枅鈻堚枅鈻堚枅鈻堚枅鈻堚枅鈻堚枅鈻堚枅鈻堚枅鈻堚枅鈻堚枅鈻堚枅鈻堚枅鈻堚枅鈻堚枅鈹€鈹€鈹€鈹2/2]   11 MB/s
93.0% ( 99.5/107.0MB) 鈹溾枅鈻堚枅鈻堚枅鈻堚枅鈻堚枅鈻堚枅鈻堚枅鈻堚枅鈻堚枅鈻堚枅鈻堚枅鈻堚枅鈻堚枅鈻堚枅鈻堚枅鈻堚枅鈻堚枅鈻堚枅鈻堚枅鈻堚攢鈹€鈹2/2]   11 MB/s
93.2% ( 99.7/107.0MB) 鈹溾枅鈻堚枅鈻堚枅鈻堚枅鈻堚枅鈻堚枅鈻堚枅鈻堚枅鈻堚枅鈻堚枅鈻堚枅鈻堚枅鈻堚枅鈻堚枅鈻堚枅鈻堚枅鈻堚枅鈻堚枅鈻堚枅鈻堚攢鈹€鈹2/2]   11 MB/s
93.4% (100.0/107.0MB) 鈹溾枅鈻堚枅鈻堚枅鈻堚枅鈻堚枅鈻堚枅鈻堚枅鈻堚枅鈻堚枅鈻堚枅鈻堚枅鈻堚枅鈻堚枅鈻堚枅鈻堚枅鈻堚枅鈻堚枅鈻堚枅鈻堚枅鈻堚攢鈹€鈹2/2]   11 MB/s
93.7% (100.2/107.0MB) 鈹溾枅鈻堚枅鈻堚枅鈻堚枅鈻堚枅鈻堚枅鈻堚枅鈻堚枅鈻堚枅鈻堚枅鈻堚枅鈻堚枅鈻堚枅鈻堚枅鈻堚枅鈻堚枅鈻堚枅鈻堚枅鈻堚枅鈻堚攢鈹€鈹2/2]   11 MB/s
93.9% (100.5/107.0MB) 鈹溾枅鈻堚枅鈻堚枅鈻堚枅鈻堚枅鈻堚枅鈻堚枅鈻堚枅鈻堚枅鈻堚枅鈻堚枅鈻堚枅鈻堚枅鈻堚枅鈻堚枅鈻堚枅鈻堚枅鈻堚枅鈻堚枅鈻堚攢鈹€鈹2/2]   11 MB/s
94.1% (100.7/107.0MB) 鈹溾枅鈻堚枅鈻堚枅鈻堚枅鈻堚枅鈻堚枅鈻堚枅鈻堚枅鈻堚枅鈻堚枅鈻堚枅鈻堚枅鈻堚枅鈻堚枅鈻堚枅鈻堚枅鈻堚枅鈻堚枅鈻堚枅鈻堚攢鈹€鈹2/2]   11 MB/s
94.4% (101.0/107.0MB) 鈹溾枅鈻堚枅鈻堚枅鈻堚枅鈻堚枅鈻堚枅鈻堚枅鈻堚枅鈻堚枅鈻堚枅鈻堚枅鈻堚枅鈻堚枅鈻堚枅鈻堚枅鈻堚枅鈻堚枅鈻堚枅鈻堚枅鈻堚攢鈹€鈹2/2]   11 MB/s
94.6% (101.2/107.0MB) 鈹溾枅鈻堚枅鈻堚枅鈻堚枅鈻堚枅鈻堚枅鈻堚枅鈻堚枅鈻堚枅鈻堚枅鈻堚枅鈻堚枅鈻堚枅鈻堚枅鈻堚枅鈻堚枅鈻堚枅鈻堚枅鈻堚枅鈻堚攢鈹€鈹2/2]   11 MB/s
94.8% (101.5/107.0MB) 鈹溾枅鈻堚枅鈻堚枅鈻堚枅鈻堚枅鈻堚枅鈻堚枅鈻堚枅鈻堚枅鈻堚枅鈻堚枅鈻堚枅鈻堚枅鈻堚枅鈻堚枅鈻堚枅鈻堚枅鈻堚枅鈻堚枅鈻堚攢鈹€鈹2/2]   11 MB/s
95.1% (101.7/107.0MB) 鈹溾枅鈻堚枅鈻堚枅鈻堚枅鈻堚枅鈻堚枅鈻堚枅鈻堚枅鈻堚枅鈻堚枅鈻堚枅鈻堚枅鈻堚枅鈻堚枅鈻堚枅鈻堚枅鈻堚枅鈻堚枅鈻堚枅鈻堚枅鈹€鈹2/2]   11 MB/s
95.3% (102.0/107.0MB) 鈹溾枅鈻堚枅鈻堚枅鈻堚枅鈻堚枅鈻堚枅鈻堚枅鈻堚枅鈻堚枅鈻堚枅鈻堚枅鈻堚枅鈻堚枅鈻堚枅鈻堚枅鈻堚枅鈻堚枅鈻堚枅鈻堚枅鈻堚枅鈹€鈹2/2]   10 MB/s
95.5% (102.2/107.0MB) 鈹溾枅鈻堚枅鈻堚枅鈻堚枅鈻堚枅鈻堚枅鈻堚枅鈻堚枅鈻堚枅鈻堚枅鈻堚枅鈻堚枅鈻堚枅鈻堚枅鈻堚枅鈻堚枅鈻堚枅鈻堚枅鈻堚枅鈻堚枅鈹€鈹2/2]   11 MB/s
95.8% (102.5/107.0MB) 鈹溾枅鈻堚枅鈻堚枅鈻堚枅鈻堚枅鈻堚枅鈻堚枅鈻堚枅鈻堚枅鈻堚枅鈻堚枅鈻堚枅鈻堚枅鈻堚枅鈻堚枅鈻堚枅鈻堚枅鈻堚枅鈻堚枅鈻堚枅鈹€鈹2/2]   11 MB/s
96.0% (102.7/107.0MB) 鈹溾枅鈻堚枅鈻堚枅鈻堚枅鈻堚枅鈻堚枅鈻堚枅鈻堚枅鈻堚枅鈻堚枅鈻堚枅鈻堚枅鈻堚枅鈻堚枅鈻堚枅鈻堚枅鈻堚枅鈻堚枅鈻堚枅鈻堚枅鈹€鈹2/2]   11 MB/s
96.3% (103.0/107.0MB) 鈹溾枅鈻堚枅鈻堚枅鈻堚枅鈻堚枅鈻堚枅鈻堚枅鈻堚枅鈻堚枅鈻堚枅鈻堚枅鈻堚枅鈻堚枅鈻堚枅鈻堚枅鈻堚枅鈻堚枅鈻堚枅鈻堚枅鈻堚枅鈹€鈹2/2]   11 MB/s
96.5% (103.2/107.0MB) 鈹溾枅鈻堚枅鈻堚枅鈻堚枅鈻堚枅鈻堚枅鈻堚枅鈻堚枅鈻堚枅鈻堚枅鈻堚枅鈻堚枅鈻堚枅鈻堚枅鈻堚枅鈻堚枅鈻堚枅鈻堚枅鈻堚枅鈻堚枅鈹€鈹2/2]   11 MB/s
96.7% (103.5/107.0MB) 鈹溾枅鈻堚枅鈻堚枅鈻堚枅鈻堚枅鈻堚枅鈻堚枅鈻堚枅鈻堚枅鈻堚枅鈻堚枅鈻堚枅鈻堚枅鈻堚枅鈻堚枅鈻堚枅鈻堚枅鈻堚枅鈻堚枅鈻堚枅鈹€鈹2/2]   11 MB/s
97.0% (103.7/107.0MB) 鈹溾枅鈻堚枅鈻堚枅鈻堚枅鈻堚枅鈻堚枅鈻堚枅鈻堚枅鈻堚枅鈻堚枅鈻堚枅鈻堚枅鈻堚枅鈻堚枅鈻堚枅鈻堚枅鈻堚枅鈻堚枅鈻堚枅鈻堚枅鈹€鈹2/2]   11 MB/s
97.2% (104.0/107.0MB) 鈹溾枅鈻堚枅鈻堚枅鈻堚枅鈻堚枅鈻堚枅鈻堚枅鈻堚枅鈻堚枅鈻堚枅鈻堚枅鈻堚枅鈻堚枅鈻堚枅鈻堚枅鈻堚枅鈻堚枅鈻堚枅鈻堚枅鈻堚枅鈹€鈹2/2]   11 MB/s
97.4% (104.2/107.0MB) 鈹溾枅鈻堚枅鈻堚枅鈻堚枅鈻堚枅鈻堚枅鈻堚枅鈻堚枅鈻堚枅鈻堚枅鈻堚枅鈻堚枅鈻堚枅鈻堚枅鈻堚枅鈻堚枅鈻堚枅鈻堚枅鈻堚枅鈻堚枅鈹€鈹2/2]   11 MB/s
97.7% (104.5/107.0MB) 鈹溾枅鈻堚枅鈻堚枅鈻堚枅鈻堚枅鈻堚枅鈻堚枅鈻堚枅鈻堚枅鈻堚枅鈻堚枅鈻堚枅鈻堚枅鈻堚枅鈻堚枅鈻堚枅鈻堚枅鈻堚枅鈻堚枅鈻堚枅鈹€鈹2/2]   11 MB/s
97.9% (104.7/107.0MB) 鈹溾枅鈻堚枅鈻堚枅鈻堚枅鈻堚枅鈻堚枅鈻堚枅鈻堚枅鈻堚枅鈻堚枅鈻堚枅鈻堚枅鈻堚枅鈻堚枅鈻堚枅鈻堚枅鈻堚枅鈻堚枅鈻堚枅鈻堚枅鈹€鈹2/2]   11 MB/s
98.1% (105.0/107.0MB) 鈹溾枅鈻堚枅鈻堚枅鈻堚枅鈻堚枅鈻堚枅鈻堚枅鈻堚枅鈻堚枅鈻堚枅鈻堚枅鈻堚枅鈻堚枅鈻堚枅鈻堚枅鈻堚枅鈻堚枅鈻堚枅鈻堚枅鈻堚枅鈻堚敜[2/2]   11 MB/s
98.4% (105.2/107.0MB) 鈹溾枅鈻堚枅鈻堚枅鈻堚枅鈻堚枅鈻堚枅鈻堚枅鈻堚枅鈻堚枅鈻堚枅鈻堚枅鈻堚枅鈻堚枅鈻堚枅鈻堚枅鈻堚枅鈻堚枅鈻堚枅鈻堚枅鈻堚枅鈻堚敜[2/2]   11 MB/s
98.6% (105.5/107.0MB) 鈹溾枅鈻堚枅鈻堚枅鈻堚枅鈻堚枅鈻堚枅鈻堚枅鈻堚枅鈻堚枅鈻堚枅鈻堚枅鈻堚枅鈻堚枅鈻堚枅鈻堚枅鈻堚枅鈻堚枅鈻堚枅鈻堚枅鈻堚枅鈻堚敜[2/2]   11 MB/s
98.8% (105.7/107.0MB) 鈹溾枅鈻堚枅鈻堚枅鈻堚枅鈻堚枅鈻堚枅鈻堚枅鈻堚枅鈻堚枅鈻堚枅鈻堚枅鈻堚枅鈻堚枅鈻堚枅鈻堚枅鈻堚枅鈻堚枅鈻堚枅鈻堚枅鈻堚枅鈻堚敜[2/2]   11 MB/s
99.1% (106.0/107.0MB) 鈹溾枅鈻堚枅鈻堚枅鈻堚枅鈻堚枅鈻堚枅鈻堚枅鈻堚枅鈻堚枅鈻堚枅鈻堚枅鈻堚枅鈻堚枅鈻堚枅鈻堚枅鈻堚枅鈻堚枅鈻堚枅鈻堚枅鈻堚枅鈻堚敜[2/2]   11 MB/s
99.3% (106.2/107.0MB) 鈹溾枅鈻堚枅鈻堚枅鈻堚枅鈻堚枅鈻堚枅鈻堚枅鈻堚枅鈻堚枅鈻堚枅鈻堚枅鈻堚枅鈻堚枅鈻堚枅鈻堚枅鈻堚枅鈻堚枅鈻堚枅鈻堚枅鈻堚枅鈻堚敜[2/2]   11 MB/s
99.5% (106.5/107.0MB) 鈹溾枅鈻堚枅鈻堚枅鈻堚枅鈻堚枅鈻堚枅鈻堚枅鈻堚枅鈻堚枅鈻堚枅鈻堚枅鈻堚枅鈻堚枅鈻堚枅鈻堚枅鈻堚枅鈻堚枅鈻堚枅鈻堚枅鈻堚枅鈻堚敜[2/2]   11 MB/s
99.8% (106.7/107.0MB) 鈹溾枅鈻堚枅鈻堚枅鈻堚枅鈻堚枅鈻堚枅鈻堚枅鈻堚枅鈻堚枅鈻堚枅鈻堚枅鈻堚枅鈻堚枅鈻堚枅鈻堚枅鈻堚枅鈻堚枅鈻堚枅鈻堚枅鈻堚枅鈻堚敜[2/2]   11 MB/s
 100% (107.0/107.0MB) 鈹溾枅鈻堚枅鈻堚枅鈻堚枅鈻堚枅鈻堚枅鈻堚枅鈻堚枅鈻堚枅鈻堚枅鈻堚枅鈻堚枅鈻堚枅鈻堚枅鈻堚枅鈻堚枅鈻堚枅鈻堚枅鈻堚枅鈻堚枅鈻堚敜[2/2]   11 MB/s
 100% (107.0/107.0MB) 鈹溾枅鈻堚枅鈻堚枅鈻堚枅鈻堚枅鈻堚枅鈻堚枅鈻堚枅鈻堚枅鈻堚枅鈻堚枅鈻堚枅鈻堚枅鈻堚枅鈻堚枅鈻堚枅鈻堚枅鈻堚枅鈻堚枅鈻堚枅鈻堚敜[2/2]  103 MB/s

Downloading 鍥涘勾绾т笅鍐屻€婄湅鐪嬫垜浠殑鍦扮悆銆嬪璇昏-鐜嬬钀?cmt.xml ...

